# 函数语义

## 1. 普通成员函数调用方式

C++设计的时候有一个要求：要求对普通成员函数的调用不应该比全局函数效率差；

基于这种设计要求，编译器内部实际上是将对成员函数的调用转换成了对全局函数的调用。

成员函数有独立的地址，是和类相关的，并且成员函数的地址，是在编译的时候就确定好了的。

```c++
/* ************************************************************************
> File Name:     test.cpp
> Author:        niu0217
> Created Time:  Tue 06 Feb 2024 08:54:26 PM CST
> Description:
 ************************************************************************/

#include<iostream>
using namespace std;

class MYACLS {
public:
    int m_i;
    //myfunc的实际样子：myfunc(MYACLS* const this, int value)
    void myfunc(int value) {
        this->m_i += value;
    }
};

void gmyfunc(MYACLS* pobj, int value) {
    pobj->m_i += value;
}

int main()
{
    MYACLS myacls;
    myacls.myfunc(18);
    gmyfunc(&myacls, 18);

    return 0;
}
```

调试：

```assembly
In file: /home/ubuntu/Dev/C++ObjectModern/function_semantics/test.cpp
   22 }
   23
   24 int main()
   25 {
   26     MYACLS myacls;
 ► 27     myacls.myfunc(18);
   28     gmyfunc(&myacls, 18);
   29
   30     return 0;
   31 }
   
pwndbg> disassemble
Dump of assembler code for function main():
   0x00005555555551ac <+0>:	endbr64
   0x00005555555551b0 <+4>:	push   rbp
   0x00005555555551b1 <+5>:	mov    rbp,rsp
   0x00005555555551b4 <+8>:	sub    rsp,0x10
   0x00005555555551b8 <+12>:	mov    rax,QWORD PTR fs:0x28
   0x00005555555551c1 <+21>:	mov    QWORD PTR [rbp-0x8],rax
   0x00005555555551c5 <+25>:	xor    eax,eax
=> 0x00005555555551c7 <+27>:	lea    rax,[rbp-0xc]
   0x00005555555551cb <+31>:	mov    esi,0x12
   0x00005555555551d0 <+36>:	mov    rdi,rax
   0x00005555555551d3 <+39>:	call   0x55555555526a <MYACLS::myfunc(int)>
   0x00005555555551d8 <+44>:	lea    rax,[rbp-0xc]
   0x00005555555551dc <+48>:	mov    esi,0x12
   0x00005555555551e1 <+53>:	mov    rdi,rax
   0x00005555555551e4 <+56>:	call   0x555555555189 <gmyfunc(MYACLS*, int)>
   0x00005555555551e9 <+61>:	mov    eax,0x0
   0x00005555555551ee <+66>:	mov    rdx,QWORD PTR [rbp-0x8]
   0x00005555555551f2 <+70>:	xor    rdx,QWORD PTR fs:0x28
   0x00005555555551fb <+79>:	je     0x555555555202 <main()+86>
   0x00005555555551fd <+81>:	call   0x555555555080 <__stack_chk_fail@plt>
   0x0000555555555202 <+86>:	leave
   0x0000555555555203 <+87>:	ret
End of assembler dump.
```

分析：

```assembly
   # myacls.myfunc(18);
=> 0x00005555555551c7 <+27>:	lea    rax,[rbp-0xc]
   0x00005555555551cb <+31>:	mov    esi,0x12
   0x00005555555551d0 <+36>:	mov    rdi,rax
   0x00005555555551d3 <+39>:	call   0x55555555526a <MYACLS::myfunc(int)>
   
   # gmyfunc(&myacls, 18);
   0x00005555555551d8 <+44>:	lea    rax,[rbp-0xc]
   0x00005555555551dc <+48>:	mov    esi,0x12
   0x00005555555551e1 <+53>:	mov    rdi,rax
   0x00005555555551e4 <+56>:	call   0x555555555189 <gmyfunc(MYACLS*, int)>
```

我们看到类成员函数`myfunc`和全局函数`gmyfunc`的汇编代码一模一样。这是为什么呢？

原来这里面和编译器的设计有关：

+ 实际的类成员函数`myfunc`的样子：`void myfunc(MYACLS* const this, int value)`
+ 全局函数`gmyfunc`的样子：`void gmyfunc(MYACLS* pobj, int value)`

我们发现区别并不大。所以这就是为什么汇编代码一模一样的原因。

## 2. 虚成员函数调用方式

### 2.1 一个虚函数

```c++
/* ************************************************************************
> File Name:     test.cpp
> Author:        niu0217
> Created Time:  Tue 06 Feb 2024 08:54:26 PM CST
> Description:
 ************************************************************************/

#include<iostream>
using namespace std;

class MYACLS {
public:
    int m_i;
    void myfunc(int value) {
        this->m_i += value;
    }
    virtual void vmyfunc() {
        printf("vmyfunc()被调用，this = %p\n", this);
    }
};

int main()
{
    //用对象调用虚函数，和调用普通函数没有区别,不会使用虚函数表
    MYACLS myacls;
    myacls.vmyfunc();

    MYACLS* pmyacls = new MYACLS();
    pmyacls->vmyfunc();
    delete pmyacls;
    pmyacls = nullptr;

    return 0;
}
```

调试：

```assembly
In file: /home/ubuntu/Dev/C++ObjectModern/function_semantics/test.cpp
   21
   22 int main()
   23 {
   24     //用对象调用虚函数，和调用普通函数没有区别,不会使用虚函数表
   25     MYACLS myacls;
 ► 26     myacls.vmyfunc();
   27
   28     MYACLS* pmyacls = new MYACLS();
   29     pmyacls->vmyfunc();
   30     delete pmyacls;
   31     pmyacls = nullptr;
   
=> 0x0000555555555211 <+40>:	lea    rax,[rbp-0x30]
   0x0000555555555215 <+44>:	mov    rdi,rax
   0x0000555555555218 <+47>:	call   0x5555555552fc <MYACLS::vmyfunc()>
```

继续：

```assembly
In file: /home/ubuntu/Dev/C++ObjectModern/function_semantics/test.cpp
   24     //用对象调用虚函数，和调用普通函数没有区别,不会使用虚函数表
   25     MYACLS myacls;
   26     myacls.vmyfunc();
   27
   28     MYACLS* pmyacls = new MYACLS();
 ► 29     pmyacls->vmyfunc();
   30     delete pmyacls;
   31     pmyacls = nullptr;
   32
   33     return 0;
   34 }
   
   # rax = pmyacls = 0x55555556b2c0 = 在堆上申请的一个MYACLS对象的地址
   # rax中的值0x55555556b2c0又被叫做this指针
=> 0x0000555555555244 <+91>:	mov    rax,QWORD PTR [rbp-0x38]
   # rax = [rax] = [this指针] = [0x55555556b2c0] = 0x0000555555557d70 = 虚表指针 = vptr
   0x0000555555555248 <+95>:	mov    rax,QWORD PTR [rax]
   # rdx = [rax] = [0x0000555555557d70] = 0x00005555555552fc = vptr[0] = MYACLS::vmyfunc()的函数指针
   0x000055555555524b <+98>:	mov    rdx,QWORD PTR [rax]
   # rax = 0x55555556b2c0 = 在堆上申请的一个MYACLS对象的地址
   0x000055555555524e <+101>:	mov    rax,QWORD PTR [rbp-0x38]
   # rdi = this指针 = 0x55555556b2c0 = 在堆上申请的一个MYACLS对象的地址
   0x0000555555555252 <+105>:	mov    rdi,rax
   # call MYACLS::vmyfunc()的函数指针
   0x0000555555555255 <+108>:	call   rdx
   
# 虚函数表的样子
# pmyacls = 0x55555556b2c0 = 在堆上申请的一个MYACLS对象的地址
# vptr = 0x555555557d70 = 虚表指针 = vptr
# vptr[0] = 0x5555555552fc = [0x555555557d70 + 0x0] = MYACLS::vmyfunc()的函数指针
pwndbg> info vtbl pmyacls
vtable for 'MYACLS' @ 0x555555557d70 (subobject @ 0x55555556b2c0):
[0]: 0x5555555552fc <MYACLS::vmyfunc()>

# pmyacls = 0x55555556b2c0
pwndbg> p pmyacls
$1 = (MYACLS *) 0x55555556b2c0

# vptr = 0x555555557d70
pwndbg> x/gx 0x55555556b2c0
0x55555556b2c0:	0x0000555555557d70

# vptr[0] = 0x5555555552fc = [0x555555557d70 + 0x0] = MYACLS::vmyfunc()的函数指针
pwndbg> x/gx 0x0000555555557d70
0x555555557d70 <vtable for MYACLS+16>:	0x00005555555552fc
pwndbg> info line *0x00005555555552fc
Line 17 of "test.cpp" starts at address 0x5555555552fc <MYACLS::vmyfunc()> and ends at 0x55555555530c <MYACLS::vmyfunc()+16>.
```

### 2.2 四个虚函数

```c++
/* ************************************************************************
> File Name:     test.cpp
> Author:        niu0217
> Created Time:  Tue 06 Feb 2024 08:54:26 PM CST
> Description:
 ************************************************************************/

#include<iostream>
using namespace std;

class MYACLS {
public:
    int m_i;
    void myfunc() {
        printf("myfunc()被调用，this = %p\n", this);
    }
    virtual void vmyfunc1() {
        printf("vmyfunc1()被调用，this = %p\n", this);
    }
    virtual void vmyfunc2() {
        printf("vmyfunc2()被调用，this = %p\n", this);
    }
    virtual void vmyfunc3() {
        printf("vmyfunc3()被调用，this = %p\n", this);
    }
    virtual void vmyfunc4() {
        printf("vmyfunc4()被调用，this = %p\n", this);
    }
};

int main()
{
    //用对象调用虚函数，和调用普通函数没有区别,不会使用虚函数表
    MYACLS myacls;
    myacls.myfunc();
    myacls.vmyfunc1();
    myacls.vmyfunc2();
    cout<<endl;

    MYACLS* pmyacls = new MYACLS();
    pmyacls->myfunc();
    pmyacls->vmyfunc1();
    pmyacls->vmyfunc2();
    pmyacls->vmyfunc3();
    pmyacls->vmyfunc4();

    delete pmyacls;
    pmyacls = nullptr;

    return 0;
}
```

调试：

```assembly
In file: /home/ubuntu/Dev/C++ObjectModern/function_semantics/test.cpp
   30
   31 int main()
   32 {
   33     //用对象调用虚函数，和调用普通函数没有区别,不会使用虚函数表
   34     MYACLS myacls;
 ► 35     myacls.myfunc();
   36     myacls.vmyfunc1();
   37     myacls.vmyfunc2();
   38     cout<<endl;
   39
   40     MYACLS* pmyacls = new MYACLS();
   
   # myacls.myfunc();
=> 0x0000555555555231 <+40>:	lea    rax,[rbp-0x30]
   0x0000555555555235 <+44>:	mov    rdi,rax
   0x0000555555555238 <+47>:	call   0x55555555539a <MYACLS::myfunc()>
   
   # myacls.vmyfunc1();
   0x000055555555523d <+52>:	lea    rax,[rbp-0x30]
   0x0000555555555241 <+56>:	mov    rdi,rax
   0x0000555555555244 <+59>:	call   0x5555555553c6 <MYACLS::vmyfunc1()>
   
   # myacls.vmyfunc2();
   0x0000555555555249 <+64>:	lea    rax,[rbp-0x30]
   0x000055555555524d <+68>:	mov    rdi,rax
   0x0000555555555250 <+71>:	call   0x5555555553f2 <MYACLS::vmyfunc2()>
```

从这段汇编代码我们看到，用对象调用虚函数，和调用普通函数没有区别,不会使用虚函数表。

继续：

```assembly
In file: /home/ubuntu/Dev/C++ObjectModern/function_semantics/test.cpp
   36     myacls.vmyfunc1();
   37     myacls.vmyfunc2();
   38     cout<<endl;
   39
   40     MYACLS* pmyacls = new MYACLS();
 ► 41     pmyacls->myfunc();
   42     pmyacls->vmyfunc1();
   43     pmyacls->vmyfunc2();
   44     pmyacls->vmyfunc3();
   45     pmyacls->vmyfunc4();
   46
   
   # pmyacls->myfunc();
=> 0x0000555555555292 <+137>:	mov    rax,QWORD PTR [rbp-0x38]
   0x0000555555555296 <+141>:	mov    rdi,rax
   0x0000555555555299 <+144>:	call   0x55555555539a <MYACLS::myfunc()>
   
   
   # pmyacls->vmyfunc1();
   # rax = this指针 = 0x55555556b2c0 = 在堆上申请的一个MYACLS对象的地址
   0x000055555555529e <+149>:	mov    rax,QWORD PTR [rbp-0x38]
   # rax = [this指针] = [0x55555556b2c0 + 0x0] = vptr = 0x555555557d48 = 虚表指针
   0x00005555555552a2 <+153>:	mov    rax,QWORD PTR [rax]
   # rdx = vptr[0] = 0x5555555553c6 = [0x555555557d48 + 0x0] = MYACLS::vmyfunc1()
   0x00005555555552a5 <+156>:	mov    rdx,QWORD PTR [rax]
   # rax = 0x55555556b2c0 = 在堆上申请的一个MYACLS对象的地址
   0x00005555555552a8 <+159>:	mov    rax,QWORD PTR [rbp-0x38]
   # rdi = this指针 = 0x55555556b2c0 = 在堆上申请的一个MYACLS对象的地址
   0x00005555555552ac <+163>:	mov    rdi,rax
   # call MYACLS::vmyfunc1()
   0x00005555555552af <+166>:	call   rdx
   
   
   # pmyacls->vmyfunc2();
   # rax = this指针 = 0x55555556b2c0 = 在堆上申请的一个MYACLS对象的地址
   0x00005555555552b1 <+168>:	mov    rax,QWORD PTR [rbp-0x38]
   # rax = [this指针] = [0x55555556b2c0 + 0x0] = vptr = 0x555555557d48 = 虚表指针
   0x00005555555552b5 <+172>:	mov    rax,QWORD PTR [rax]
   # rax = &vptr[1] = 0x555555557d48 + 0x8
   0x00005555555552b8 <+175>:	add    rax,0x8
   # rdx = vptr[1] = 0x5555555553f2 = [0x555555557d48 + 0x8] = MYACLS::vmyfunc2()
   0x00005555555552bc <+179>:	mov    rdx,QWORD PTR [rax]
   # rax = 0x55555556b2c0 = 在堆上申请的一个MYACLS对象的地址
   0x00005555555552bf <+182>:	mov    rax,QWORD PTR [rbp-0x38]
   # rdi = this指针 = 0x55555556b2c0 = 在堆上申请的一个MYACLS对象的地址
   0x00005555555552c3 <+186>:	mov    rdi,rax
   # call MYACLS::vmyfunc2()
   0x00005555555552c6 <+189>:	call   rdx
   
   
   # pmyacls->vmyfunc3();
   # rax = this指针 = 0x55555556b2c0 = 在堆上申请的一个MYACLS对象的地址
   0x00005555555552c8 <+191>:	mov    rax,QWORD PTR [rbp-0x38]
   # rax = [this指针] = [0x55555556b2c0 + 0x0] = vptr = 0x555555557d48 = 虚表指针
   0x00005555555552cc <+195>:	mov    rax,QWORD PTR [rax]
   # rax = &vptr[2] = 0x555555557d48 + 0x10
   0x00005555555552cf <+198>:	add    rax,0x10
   # rdx = vptr[2] = 0x55555555541e = [0x555555557d48 + 0x10] = MYACLS::vmyfunc3()
   0x00005555555552d3 <+202>:	mov    rdx,QWORD PTR [rax]
   # rax = 0x55555556b2c0 = 在堆上申请的一个MYACLS对象的地址
   0x00005555555552d6 <+205>:	mov    rax,QWORD PTR [rbp-0x38]
   # rdi = this指针 = 0x55555556b2c0 = 在堆上申请的一个MYACLS对象的地址
   0x00005555555552da <+209>:	mov    rdi,rax
   # call MYACLS::vmyfunc3()
   0x00005555555552dd <+212>:	call   rdx
   
   
   # pmyacls->vmyfunc4();
   # rax = this指针 = 0x55555556b2c0 = 在堆上申请的一个MYACLS对象的地址
   0x00005555555552df <+214>:	mov    rax,QWORD PTR [rbp-0x38]
   # rax = [this指针] = [0x55555556b2c0 + 0x0] = vptr = 0x555555557d48 = 虚表指针
   0x00005555555552e3 <+218>:	mov    rax,QWORD PTR [rax]
   # rax = &vptr[3] = 0x555555557d48 + 0x18
   0x00005555555552e6 <+221>:	add    rax,0x18
   # rdx = vptr[3] = 0x55555555544a = [0x555555557d48 + 0x18] = MYACLS::vmyfunc4()
   0x00005555555552ea <+225>:	mov    rdx,QWORD PTR [rax]
   # rax = this指针 = 0x55555556b2c0 = 在堆上申请的一个MYACLS对象的地址
   0x00005555555552ed <+228>:	mov    rax,QWORD PTR [rbp-0x38]
   # rdi = this指针 = 0x55555556b2c0 = 在堆上申请的一个MYACLS对象的地址
   0x00005555555552f1 <+232>:	mov    rdi,rax
   # call MYACLS::vmyfunc4()
   0x00005555555552f4 <+235>:	call   rdx
```

```assembly
# 虚函数表的样子
# pmyacls = 0x55555556b2c0 = 在堆上申请的一个MYACLS对象的地址
# vptr = [0x55555556b2c0 + 0x0] = 0x555555557d48 = 虚表指针
# vptr[0] = 0x5555555553c6 = [0x555555557d48 + 0x0] = MYACLS::vmyfunc1()
# vptr[1] = 0x5555555553f2 = [0x555555557d48 + 0x8] = MYACLS::vmyfunc2()
# vptr[2] = 0x55555555541e = [0x555555557d48 + 0x10] = MYACLS::vmyfunc3()
# vptr[3] = 0x55555555544a = [0x555555557d48 + 0x18] = MYACLS::vmyfunc4()
pwndbg> info vtbl pmyacls
vtable for 'MYACLS' @ 0x555555557d48 (subobject @ 0x55555556b2c0):
[0]: 0x5555555553c6 <MYACLS::vmyfunc1()>
[1]: 0x5555555553f2 <MYACLS::vmyfunc2()>
[2]: 0x55555555541e <MYACLS::vmyfunc3()>
[3]: 0x55555555544a <MYACLS::vmyfunc4()>


# pmyacls = 0x55555556b2c0 = 在堆上申请的一个MYACLS对象的地址
pwndbg> p pmyacls
$2 = (MYACLS *) 0x55555556b2c0

# vptr = [0x55555556b2c0 + 0x0] = 0x555555557d48 = 虚表指针
pwndbg> x/gx 0x55555556b2c0
0x55555556b2c0:	0x0000555555557d48

# vptr[0] = 0x5555555553c6 = [0x555555557d48 + 0x0] = MYACLS::vmyfunc1()
# vptr[1] = 0x5555555553f2 = [0x555555557d48 + 0x8] = MYACLS::vmyfunc2()
# vptr[2] = 0x55555555541e = [0x555555557d48 + 0x10] = MYACLS::vmyfunc3()
# vptr[3] = 0x55555555544a = [0x555555557d48 + 0x18] = MYACLS::vmyfunc4()
pwndbg> x/4gx 0x0000555555557d48
0x555555557d48 <vtable for MYACLS+16>:	0x00005555555553c6	0x00005555555553f2
0x555555557d58 <vtable for MYACLS+32>:	0x000055555555541e	0x000055555555544a
```

## 3. 静态成员函数调用方式

```c++
/* ************************************************************************
> File Name:     test.cpp
> Author:        niu0217
> Created Time:  Tue 06 Feb 2024 08:54:26 PM CST
> Description:
 ************************************************************************/

#include<iostream>
using namespace std;

class MYACLS {
public:
    int m_i;
    void myfunc() {
        printf("myfunc()被调用，this = %p\n", this);
    }
    static void smyfunc() {
        printf("smyfunc()被调用\n");
    }
};

int main()
{
    MYACLS myacls;
    myacls.smyfunc();
    MYACLS::smyfunc();
    cout<<endl;

    MYACLS* pmyacls = new MYACLS();
    pmyacls->smyfunc();

    delete pmyacls;
    pmyacls = nullptr;

    return 0;
}
```

调试：

```assembly
In file: /home/ubuntu/Dev/C++ObjectModern/function_semantics/test.cpp
   20 };
   21
   22 int main()
   23 {
   24     MYACLS myacls;
 ► 25     myacls.smyfunc();
   26     MYACLS::smyfunc();
   27     cout<<endl;
   28
   29     MYACLS* pmyacls = new MYACLS();
   30     pmyacls->smyfunc();
   
=> 0x00005555555551d5 <+12>:	call   0x55555555527b <MYACLS::smyfunc()>
   0x00005555555551da <+17>:	call   0x55555555527b <MYACLS::smyfunc()>
```

这其中没有`this`指针。并且`myacls.smyfunc();`和`MYACLS::smyfunc();`没有区别。

继续：

```assembly
In file: /home/ubuntu/Dev/C++ObjectModern/function_semantics/test.cpp
   25     myacls.smyfunc();
   26     MYACLS::smyfunc();
   27     cout<<endl;
   28
   29     MYACLS* pmyacls = new MYACLS();
 ► 30     pmyacls->smyfunc();
   31
   32     delete pmyacls;
   33     pmyacls = nullptr;
   34
   35     return 0;
   
=> 0x0000555555555209 <+64>:	call   0x55555555527b <MYACLS::smyfunc()>
```

对比前面我们看出，这3种调用方式完全没区别。

## 4. 重要概念

### 4.1 静态类型和动态类型

+ 静态类型：对象定义时的类型，编译期间就确定好了；

+ 动态类型：
  + 对象目前所指向的类型（运行的时候才决定的类型）；
  + 一般只有指针或者引用才有动态类型的说法，而且一般都是指的父类的指针或者引用；
  + 动态类型在执行过程中可以改变；

### 4.2 静态绑定和动态绑定

+ 静态绑定：绑定的是静态类型，所对应的函数或者属性依赖于对象的静态类型，发生在编译期间；
+ 动态绑定：绑定的是动态类型，所对应的一个函数或者属性依赖于对象的动态类型，发生在运行期间；

具体例子：

+ 普通成员函数是静态绑定，虚函数是动态绑定；
+ 缺省参数一般是静态绑定

### 4.3 动态绑定代码

```c++
/* ************************************************************************
> File Name:     test.cpp
> Author:        niu0217
> Created Time:  Tue 06 Feb 2024 08:54:26 PM CST
> Description:
 ************************************************************************/

#include<iostream>
using namespace std;

class Base {
public:
    virtual void vmyfunc() {
        cout<<"Base::vmyfunc()\n";
    }
};

class Derived1 : public Base {
public:
    void vmyfunc() override {
        cout<<"Derived1::vmyfunc()\n";
    }
};

class Derived2 : public Base {
public:
};

int main()
{
    Base* pbase = new Derived1();
    pbase->vmyfunc();

    pbase = new Base();
    pbase->vmyfunc();
}
```

### 4.4 特别注意：函数缺省参数是静态绑定

```c++
/* ************************************************************************
> File Name:     test.cpp
> Author:        niu0217
> Created Time:  Tue 06 Feb 2024 08:54:26 PM CST
> Description:
 ************************************************************************/

#include<iostream>
using namespace std;

class Base {
public:
    virtual void vmyfunc(int value = 1) {
        cout<<"Base::vmyfunc(), value = "<<value<<endl;
    }
};

class Derived1 : public Base {
public:
    void vmyfunc(int value = 2) override {
        cout<<"Derived1::vmyfunc(), value = "<<value<<endl;
    }
};

class Derived2 : public Base {
public:
};

int main()
{
    Base* pbase = new Derived1();
    pbase->vmyfunc();

    pbase = new Base();
    pbase->vmyfunc();
}
```

输出：

```bash
Derived1::vmyfunc(), value = 1
Base::vmyfunc(), value = 1
```

我们看到虚函数确实正确调用了，是动态绑定的。但是，我们看到`Derived1::vmyfunc(), value = 1`，它的`value = 1`，这就是函数缺省参数静态绑定的效果。需要特别注意，应该避免这种写法！！！！！！！

## 5. 如何删除用第二基类指针new出来的继承类对象

### 5.1 问题描述

```c++
/* ************************************************************************
> File Name:     test.cpp
> Author:        niu0217
> Created Time:  Tue 06 Feb 2024 08:54:26 PM CST
> Description:
 ************************************************************************/

#include<iostream>
using namespace std;

class Base1 {
public:
    virtual void f() {
        cout<<"Base1::f()\n";
    }
    virtual void g() {
        cout<<"Base1::g()\n";
    }
    virtual void h() {
        cout<<"Base1::f()\n";
    }
};

class Base2 {
public:
    virtual void hBase2() {
        cout<<"Base2::hBase2()\n";
    }
};

class Derived : public Base1, public Base2 {
public:
    virtual void k() {
        cout<<"Derived::k()\n";
    }
    void g() override {
        cout<<"Derived::g()\n";
    }
    void functionOfDerived() {

    }
};

int main()
{
    Base2* pbase2 = new Derived();

    delete pbase2; //这样会出错，中间有this指针调整
  	//因为Base2没有析构函数，编译器会直接删除以pbase2开始的内存，这必然会出问题。
  	//因为这段内存根本就不是new起始的内存。
}
```

### 5.2 解决办法

```c++
/* ************************************************************************
> File Name:     test.cpp
> Author:        niu0217
> Created Time:  Tue 06 Feb 2024 08:54:26 PM CST
> Description:
 ************************************************************************/

#include<iostream>
using namespace std;

class Base1 {
public:
    virtual void f() {
        cout<<"Base1::f()\n";
    }
    virtual void g() {
        cout<<"Base1::g()\n";
    }
    virtual void h() {
        cout<<"Base1::f()\n";
    }
};

class Base2 {
public:
    virtual void hBase2() {
        cout<<"Base2::hBase2()\n";
    }
    virtual ~Base2() {
        cout<<"Base2::~Base2()\n";
    }
};

class Derived : public Base1, public Base2 {
public:
    virtual void k() {
        cout<<"Derived::k()\n";
    }
    void g() override {
        cout<<"Derived::g()\n";
    }
    void functionOfDerived() {

    }
};

int main()
{
    Base2* pbase2 = new Derived();

    delete pbase2; //如果Base2中没有虚析构函数，那么这段代码就会出错
}
```

注意点：

+ `pbase2`指向的是一个`Derived`对象，所以会调用`Derived`的虚析构函数。
+ 上面代码中我们自己没有定义`Derived`的虚析构函数，但是`Base2`中定义了虚析构函数，那么编译器就会为`Derived`合成一个虚析构函数。

我们分析一下目标文件：

```bash
g++ -c test.cpp

objdump -x test.o > test.txt
```

```assembly
RELOCATION RECORDS FOR [.text._ZN7DerivedD2Ev]:
OFFSET           TYPE              VALUE
0000000000000013 R_X86_64_PC32     _ZTV7Derived+0x000000000000000c
0000000000000021 R_X86_64_PC32     _ZTV7Derived+0x000000000000004c
0000000000000039 R_X86_64_PLT32    _ZN5Base2D2Ev-0x0000000000000004
```

1. `RELOCATION RECORDS FOR [.text._ZN7DerivedD2Ev]:`：这行指出了所列重定位记录是针对 `Derived` 类的析构函数（具体来说是`~Derived`的编译名字化表示）。`.text` 表明这是针对代码段（即程序执行的机器代码）的重定位条目。
2. `OFFSET` 是指从函数（本例中是 `~Derived` 的析构函数）开始处的偏移量。
3. `TYPE` 描述了需要进行的重定位类型：
   - `R_X86_64_PC32` 是32-bit相对PC偏移，这种类型的重定位用于创建在当前位置相对的地址引用，常用于函数调用和全局变量的获取。
   - `R_X86_64_PLT32` 是32-bit相对PLT（Procedure Linkage Table，过程链接表）偏移，用于动态链接过程。
4. `VALUE` 列出了具体的符号参考，会根据这个值加上偏移量来计算最终的地址：
   - `_ZTV7Derived` 是 Derived 类的虚函数表（VTable），编译器根据类的定义生成。加号后面的数值代表相对于虚函数表开始位置的偏移。
   - `_ZN5Base2D2Ev` 是 Base2 类的析构函数的名字化表示。

具体到每个重定位记录：

- 第一行指示，在 `_ZN7DerivedD2Ev`（`~Derived` 析构函数）的机器代码中，位置 `0x13` 处，有一个引用 `_ZTV7Derived` 的地址，需要加上 `0x000000000000000c` 的偏移。
- 第二行指示，位置 `0x21` 处，同样是一个引用 `_ZTV7Derived`，偏移量是 `0x000000000000004c`。
- 第三行指示，在位置 `0x39` 处有一个对 `Base2` 析构函数 `_ZN5Base2D2Ev` 的引用，需要减去 `0x0000000000000004` 来计算真实的地址，这通常是因为生成 PLT 入口的需要。

其中`_ZN7DerivedD2Ev`就是编译器为我们合成的`Derived`的虚析构函数。

在`Derived`的虚析构函数中，又调用了`Base2`的虚析构函数。

### 5.3 最好的做法

涉及到虚函数，基类都加上虚析构函数，子类也可以都加上，以防释放内存的时候出现奇奇怪怪的问题！！！！！！

```c++
/* ************************************************************************
> File Name:     test.cpp
> Author:        niu0217
> Created Time:  Tue 06 Feb 2024 08:54:26 PM CST
> Description:
 ************************************************************************/

#include<iostream>
using namespace std;

class Base1 {
public:
    virtual void f() {
        cout<<"Base1::f()\n";
    }
    virtual void g() {
        cout<<"Base1::g()\n";
    }
    virtual void h() {
        cout<<"Base1::f()\n";
    }
    //最好加上
    virtual ~Base1() {
        cout<<"Base1::~Base1()\n";
    }
};

class Base2 {
public:
    virtual void hBase2() {
        cout<<"Base2::hBase2()\n";
    }
    //最好加上
    virtual ~Base2() {
        cout<<"Base2::~Base2()\n";
    }
};

class Derived : public Base1, public Base2 {
public:
    virtual void k() {
        cout<<"Derived::k()\n";
    }
    void g() override {
        cout<<"Derived::g()\n";
    }
    void functionOfDerived() {

    }
    virtual ~Derived() {
        cout<<"Derived::~Derived()\n";
    }
};

int main()
{
    Base2* pbase2 = new Derived();

    delete pbase2; //如果Base2中没有虚析构函数，那么这段代码就会出错
}
```

输出：

```bash
Derived::~Derived()
Base2::~Base2()
Base1::~Base1()
```

## 6. this指针调整

this指针调整的目的就是让对象指针正确的指向对象首地址，从而能正确的调用对象的成员函数或者说正确确定数据成员的存储位置。

举例：

+ 通过指向第二个基类的指针调用继承类的虚函数；
+ 一个指向派生类的指针，调用第二个基类中的虚函数；
+ 允许虚函数的返回值类型有所变化；

举例：

```c++
/* ************************************************************************
> File Name:     test.cpp
> Author:        niu0217
> Created Time:  Tue 06 Feb 2024 08:54:26 PM CST
> Description:
 ************************************************************************/

#include<iostream>
using namespace std;

class Base1 {
public:
    virtual ~Base1() {
        cout<<"Base1::~Base1()\n";
    }
    virtual void vBase1() {
        cout<<"vBase1()\n";
    }
    virtual Base1* clone() const {
        return new Base1();
    }
};

class Base2 {
public:
    virtual ~Base2() {
        cout<<"Base2::~Base2()\n";
    }
    virtual void vBase2() {
        cout<<"vBase2()\n";
    }
    virtual Base2* clone() const {
        return new Base2();
    }
};

class Derived : public Base1, public Base2 {
public:
    virtual ~Derived() {
        cout<<"Derived::~Derived()\n";
    }
    virtual void vDerived() {
        cout<<"vDerived()\n";
    }
    virtual Derived* clone() const {
        return new Derived();
    }
};

int main()
{
    Derived derived;
    Base2* pb1 = &derived;
    pb1->vBase2();
    Base2* pb2 = pb1->clone(); //Derived::clone()被调用
    return 0;
}
```

调试：

```assembly
In file: /home/ubuntu/Dev/C++ObjectModern/function_semantics/test.cpp
   50 int main()
   51 {
   52     Derived derived;
   53     Base2* pb1 = &derived;
   54     pb1->vBase2();
 ► 55     Base2* pb2 = pb1->clone(); //Derived::clone()被调用
   56     return 0;
   57 }
   
=> 0x000055555555525e <+85>:	mov    rax,QWORD PTR [rbp-0x40]
   0x0000555555555262 <+89>:	mov    rax,QWORD PTR [rax]
   0x0000555555555265 <+92>:	add    rax,0x18 # rax = &vptr[3] 
   0x0000555555555269 <+96>:	mov    rdx,QWORD PTR [rax]
   0x000055555555526c <+99>:	mov    rax,QWORD PTR [rbp-0x40]
   0x0000555555555270 <+103>:	mov    rdi,rax
   0x0000555555555273 <+106>:	call   rdx
   
pwndbg> info vtbl pb1
vtable for 'Base2' @ 0x555555557c98 (subobject @ 0x7fffffffe8d8):
[0]: 0x55555555554d <non-virtual thunk to Derived::~Derived()>
[1]: 0x555555555587 <non-virtual thunk to Derived::~Derived()>
[2]: 0x555555555472 <Base2::vBase2()>
[3]: 0x555555555671 <covariant return thunk to Derived::clone() const> # thunk表示会有this指针调整
```

## 7. RTTI

### 7.1 什么是RTTI

C++运行时类型识别RTTI，要求父类中必须至少有一个虚函数；如果父类中没有虚函数，那么得到的RTTI就不准确。

RTTI可以在执行期间查询一个多态指针，或者多态引用的信息；

RTTI能力靠typeid和dynamic_cast运算符来体现；

```c++
/* ************************************************************************
> File Name:     test.cpp
> Author:        niu0217
> Created Time:  Tue 06 Feb 2024 08:54:26 PM CST
> Description:
 ************************************************************************/

#include<iostream>
using namespace std;

class Base {
public:
    virtual ~Base() {
        cout<<"Base::~Base()\n";
    }
    virtual void vBase() {
        cout<<"vBase()被调用\n";
    }
};

class Derived : public Base {
public:
    virtual ~Derived() {
        cout<<"Derived::~Derived()\n";
    }
    virtual void vDerived() {
        cout<<"vDerived()被调用\n";
    }
};

int main()
{
    Base* pbase1 = new Derived();
    pbase1->vBase();

    Derived myderived;
    Base& rbase1 = myderived;
    rbase1.vBase();
    cout<<endl;

    cout<<typeid(*pbase1).name()<<endl;
    cout<<typeid(rbase1).name()<<endl;
    cout<<endl;

    Derived* pderived = dynamic_cast<Derived*>(pbase1);
    if(pderived != nullptr) {
        cout<<"pbase1实际是一个Derived类型\n";
        pderived->vDerived();
        cout<<endl;
    }

    delete pbase1;
    pbase1 = nullptr;
}
```

输出：

```bash
vBase()被调用
vBase()被调用

7Derived
7Derived

pbase1实际是一个Derived类型
vDerived()被调用

Derived::~Derived()
Base::~Base()
Derived::~Derived()
Base::~Base()
```

### 7.2 RTTI原理

`typeid`返回的是一个常量对象的引用，这个常量对象的类型一般是`type_info`类。

```c++
/* ************************************************************************
> File Name:     test.cpp
> Author:        niu0217
> Created Time:  Tue 06 Feb 2024 08:54:26 PM CST
> Description:
 ************************************************************************/

#include<iostream>
using namespace std;

class Base {
public:
    virtual ~Base() {
        cout<<"Base::~Base()\n";
    }
    virtual void vBase() {
        cout<<"vBase()被调用\n";
    }
};

class Derived : public Base {
public:
    virtual ~Derived() {
        cout<<"Derived::~Derived()\n";
    }
    virtual void vDerived() {
        cout<<"vDerived()被调用\n";
    }
};

int main()
{
    Base* pbase1 = new Derived();
    pbase1->vBase();

    Derived myderived;
    Base& rbase1 = myderived;
    rbase1.vBase();
    cout<<endl;

    const std::type_info& pbase1Typeid = typeid(*pbase1);
    Base* pbase2 = new Derived();
    const std::type_info& pbase2Typeid = typeid(*pbase2);
    if(pbase1Typeid == pbase2Typeid) {
        cout<<"类型相同\n\n";
    }

    delete pbase2;
    pbase2 = nullptr;
    delete pbase1;
    pbase1 = nullptr;
}
```

输出：

```bash
vBase()被调用
vBase()被调用

类型相同

Derived::~Derived()
Base::~Base()
Derived::~Derived()
Base::~Base()
Derived::~Derived()
Base::~Base()
```

## 8. 函数调用

### 8.1 函数调用中编译器的循环代码优化

```c++
/* ************************************************************************
> File Name:     test.cpp
> Author:        niu0217
> Created Time:  Tue 06 Feb 2024 08:54:26 PM CST
> Description:
 ************************************************************************/

#include<iostream>
#include<cstdint>
#include<ctime>
using namespace std;

namespace _nmsp1
{
    int64_t mytest(int value) {
        int64_t count = 0;
        for(int i = 1; i < 1000000; i++) {
            count += 1;
        }
        return count;
    }
    void func() {
        clock_t start;
        clock_t end;
        int64_t count = 1;
        start = clock();
        for(int i = 0; i <= 1000; i++) {
            count += mytest(6);
        }
        end = clock();
        cout<<"用时（秒）："<<(double)(end - start) / CLOCKS_PER_SEC<<endl;
        cout<<"count: "<<count<<endl;
    }
}

int main()
{
    _nmsp1::func();

    return 0;
}
```

### 8.2 继承关系深度增加，开销也增加

```c++
/* ************************************************************************
> File Name:     test.cpp
> Author:        niu0217
> Created Time:  Tue 06 Feb 2024 08:54:26 PM CST
> Description:
 ************************************************************************/

#include<iostream>
#include<cstdint>
#include<ctime>
using namespace std;

namespace _nmsp2
{
    class A {
    public:
        A() {
            cout<<"A::A()"<<endl;
        }
    };
    class B : public A {
    public:
        B() {
            cout<<"B::B()"<<endl;
        }
    };
    class C : public A {
    public:
        C() {
            cout<<"C::C()"<<endl;
        }
    };
    void func() {
        C cObj;
    }
}

int main()
{
    _nmsp2::func();
    return 0;
}
```

输出：

```bash
A::A()
C::C()
```

## 9. inline函数

### 9.1 没加内联

```c++
/* ************************************************************************
> File Name:     test.cpp
> Author:        niu0217
> Created Time:  Tue 06 Feb 2024 08:54:26 PM CST
> Description:
 ************************************************************************/

#include<iostream>
#include<cstdint>
#include<ctime>
using namespace std;

namespace _nmsp1
{
    int myfunc(int value) {
        return value * (5 + 4) * value;
    }
    void func() {
        int i = myfunc(12);
        cout<<i<<endl;
    }
}

int main()
{
    _nmsp1::func();
}
```

调试：

```assembly
In file: /home/ubuntu/Dev/C++ObjectModern/function_semantics/test.cpp
   14 {
   15     int myfunc(int value) {
   16         return value * (5 + 4) * value;
   17     }
   18     void func() {
 ► 19         int i = myfunc(12);
   20         cout<<i<<endl;
   21     }
   22 }
   23
   24 int main()
   
=> 0x00005555555551d1 <+12>:	mov    edi,0xc
   0x00005555555551d6 <+17>:	call   0x5555555551a9 <_nmsp1::myfunc(int)>
```

### 9.2 加入内联

加入内联函数：

```c++
/* ************************************************************************
> File Name:     test.cpp
> Author:        niu0217
> Created Time:  Tue 06 Feb 2024 08:54:26 PM CST
> Description:
 ************************************************************************/

#include<iostream>
#include<cstdint>
#include<ctime>
using namespace std;

namespace _nmsp1
{
    inline int myfunc(int value) {
        return value * (5 + 4) * value;
    }
    void func() {
        int i = myfunc(12);
        cout<<i<<endl;
    }
}

int main()
{
    _nmsp1::func();
}
```

编译：

```bash
g++ -O1 -g -o test test.cpp
```

调试：

```assembly
In file: /home/ubuntu/Dev/C++ObjectModern/function_semantics/test.cpp
   13 namespace _nmsp1
   14 {
   15     inline int myfunc(int value) {
   16         return value * (5 + 4) * value;
   17     }
 ► 18     void func() {
   19         int i = myfunc(12);
   20         cout<<i<<endl;
   21     }
   22 }
   23
   
=> 0x0000555555555209 <+0>:	  endbr64
   0x000055555555520d <+4>:	  push   rbp
   0x000055555555520e <+5>:	  push   rbx
   0x000055555555520f <+6>:	  sub    rsp,0x8
   0x0000555555555213 <+10>:	mov    esi,0x510
```

其中`0x510`就是`myfunc(12)`计算的结果。

