# 数据成员

## 1. 数据成员绑定时机

### 1.1 情况一

编译器对成员函数myfunc的解析，是整个类A定义完毕后才开始的。所以，对这个myvar的解析和绑定，是在这个类定义完成后发生的。

myvar的查找顺序：

+ 先在类A中查找，没有查找到才去其他地方查找。

```c++
#include<iostream>
using namespace std;

string myvar;

class A {
public:
    int myfunc() {
        return myvar;
    }
private:
    int myvar; //还有一个全局的
};

int main()
{

}
```

```c++
#include<iostream>
using namespace std;

string myvar;

class A {
public:
    int myfunc();
public:
    int myvar; //还有一个全局的
};

int A::myfunc() {
    cout<<myvar<<endl;
    return myvar;
}

int main()
{
    A objA;
    objA.myvar = 15;
    objA.myfunc();
}
```

myvar使用的还是类A的，而不是全局的。

### 1.2 情况二

对于成员函数参数：是在编译器第一次遇到整个类型mytype的时候决定的。

```c++
#include<iostream>
using namespace std;

typedef string mytype;

class A {
public:
private:
    typedef int mytype;
    mytype m_value; //此时m_value是int类型
};
```

```c++
#include<iostream>
using namespace std;

typedef string mytype;

class A {
public:
private:
  	mytype m_value; //此时m_value是string类型
    typedef int mytype;
};
```

```c++
#include<iostream>
using namespace std;

typedef string mytype;

class A {
public:
    void myfunc(mytype other) { //other是string类型
        m_value = other; //会出错
    }
private:
    typedef int mytype;
    mytype m_value; //此时m_value是int类型
};
```

```c++
#include<iostream>
using namespace std;

typedef string mytype;

class A {
public:
    void myfunc(mytype other); //other是string类型
private:
    typedef int mytype;
    mytype m_value; //此时m_value是int类型
};

void A::myfunc(mytype other) { //other是int类型
    m_value = other; //会出错
}

void myfunc(mytype other) { //other是string类型
    mytype value; //value是string类型
    value = other; //OK
}

int main()
{
}
```

标准做法：

```c++
#include<iostream>
using namespace std;

typedef string mytype;

class A {
typedef int mytype;
public:
    void myfunc(mytype other); //other是int类型
private:
    mytype m_value; //此时m_value是int类型
};

void A::myfunc(mytype other) { //other是int类型
    m_value = other; //OK
}

void myfunc(mytype other) { //other是string类型
    mytype value; //value是string类型
    value = other; //OK
}

int main()
{
}
```

## 2. 数据成员布局

### 2.1 引入

```c++
//test.cpp

#include<iostream>
using namespace std;

int* ptest = new int(120); //heap
int g1; //.bss
int g2; //.bss

int g3 = 12; //.data
int g4 = 32; //.data
int g5; //.bss
int g6 = 0; //.bss
static int g7; //.bss
static int g8 = 0; //.bss
static int g9 = 10; //.data
void mygfunc() {
    return;
}

class MYACLS {
public:
    int m_i;
    static int m_si;
    int m_j;
    static int m_sj;
    int m_k;
    static int m_sk;
};

int MYACLS::m_sj = 0;

int main()
{
    printf("ptest地址 = %p\n", &ptest);
    printf("g1地址 = %p\n", &g1);
    printf("g2地址 = %p\n", &g2);
    printf("g3地址 = %p\n", &g3);
    printf("g4地址 = %p\n", &g4);
    printf("g5地址 = %p\n", &g5);
    printf("g6地址 = %p\n", &g6);
    printf("g7地址 = %p\n", &g7);
    printf("g8地址 = %p\n", &g8);
    printf("g9地址 = %p\n", &g9);
    printf("MYACLS::m_sj地址 = %p\n", &(MYACLS::m_sj));

    printf("mygfunc()地址 = %p\n", mygfunc);
    printf("main()地址 = %p\n", main);

    cout<<(void*)mygfunc<<endl;
}
```

```bash
g++ -g -o test test.cpp

nm test > test.txt
```

输出：

```assembly
ubuntu@niu0217:~/Dev/C++ObjectModern/data_semantics$ cat test.txt
000000000000401c B __bss_start
0000000000004150 b completed.8061
                 U __cxa_atexit@@GLIBC_2.2.5
                 w __cxa_finalize@@GLIBC_2.2.5
0000000000004000 D __data_start
0000000000004000 W data_start
0000000000001130 t deregister_tm_clones
00000000000011a0 t __do_global_dtors_aux
0000000000003d78 d __do_global_dtors_aux_fini_array_entry
0000000000004008 D __dso_handle
0000000000003d80 d _DYNAMIC
000000000000401c D _edata
0000000000004180 B _end
0000000000001458 T _fini
00000000000011e0 t frame_dummy
0000000000003d68 d __frame_dummy_init_array_entry
00000000000022a4 r __FRAME_END__
0000000000004160 B g1
0000000000004164 B g2
0000000000004010 D g3
0000000000004014 D g4
0000000000004168 B g5
000000000000416c B g6
0000000000003f80 d _GLOBAL_OFFSET_TABLE_
00000000000013c7 t _GLOBAL__sub_I_ptest
                 w __gmon_start__
00000000000020e0 r __GNU_EH_FRAME_HDR
0000000000001000 t _init
0000000000003d78 d __init_array_end
0000000000003d68 d __init_array_start
0000000000002000 R _IO_stdin_used
                 w _ITM_deregisterTMCloneTable
                 w _ITM_registerTMCloneTable
0000000000001450 T __libc_csu_fini
00000000000013e0 T __libc_csu_init
                 U __libc_start_main@@GLIBC_2.2.5
00000000000011f4 T main
                 U printf@@GLIBC_2.2.5
0000000000004158 B ptest
0000000000001160 t register_tm_clones
0000000000001100 T _start
0000000000004020 D __TMC_END__
0000000000001363 t _Z41__static_initialization_and_destruction_0ii
00000000000011e9 T _Z7mygfuncv
0000000000004178 b _ZL2g7
000000000000417c b _ZL2g8
0000000000004018 d _ZL2g9
0000000000004170 B _ZN6MYACLS4m_sjE
                 U _ZNSolsEPFRSoS_E@@GLIBCXX_3.4
                 U _ZNSolsEPKv@@GLIBCXX_3.4
                 U _ZNSt8ios_base4InitC1Ev@@GLIBCXX_3.4
                 U _ZNSt8ios_base4InitD1Ev@@GLIBCXX_3.4
                 U _Znwm@@GLIBCXX_3.4
0000000000004040 B _ZSt4cout@@GLIBCXX_3.4
                 U _ZSt4endlIcSt11char_traitsIcEERSt13basic_ostreamIT_T0_ES6_@@GLIBCXX_3.4
0000000000002004 r _ZStL19piecewise_construct
0000000000004174 b _ZStL8__ioinit
```

### 2.2 成员变量地址规律

#### 2.2.1 例子一

```c++
//test.cpp

#include<iostream>
using namespace std;

class MYACLS {
public:
    int m_i;
    static int m_si;

    int m_j;
    static int m_sj;

    int m_k;
    static int m_sk;
};

int MYACLS::m_sj = 0;

int main()
{
    MYACLS myobj;
    cout<<sizeof(myobj)<<endl<<endl;

    myobj.m_i = 2;
    myobj.m_k = 8;
    myobj.m_j = 5;

    printf("myobj = %p\n", &myobj);
    printf("myobj.m_i = %p\n", &myobj.m_i);
    printf("myobj.m_j = %p\n", &myobj.m_j);
    printf("myobj.m_k = %p\n\n", &myobj.m_k);

    MYACLS* pmyobj = new MYACLS();
    printf("pmyobj = %p\n", pmyobj);
    printf("pmyobj->m_i = %p\n", &pmyobj->m_i);
    printf("pmyobj->m_j = %p\n", &pmyobj->m_j);
    printf("pmyobj->m_k = %p\n\n", &pmyobj->m_k);

    return 0;
}
```

输出：

```bash
12

myobj = 0x7ffcfb0ed6dc
myobj.m_i = 0x7ffcfb0ed6dc
myobj.m_j = 0x7ffcfb0ed6e0
myobj.m_k = 0x7ffcfb0ed6e4

pmyobj = 0x559e6386f2c0
pmyobj->m_i = 0x559e6386f2c0
pmyobj->m_j = 0x559e6386f2c4
pmyobj->m_k = 0x559e6386f2c8
```

#### 2.2.2 例子二

```c++
//test.cpp

#include<iostream>
using namespace std;

class MYACLS {
public:
    int m_i;
    static int m_si;

    int m_j;
    static int m_sj;

    int m_k;
    static int m_sk;

    char m_c;
    int m_n;
};

int MYACLS::m_sj = 0;

int main()
{
    MYACLS myobj;
    cout<<sizeof(myobj)<<endl<<endl;

    myobj.m_i = 2;
    myobj.m_k = 8;
    myobj.m_j = 5;

    printf("myobj = %p\n", &myobj);
    printf("myobj.m_i = %p\n", &myobj.m_i);
    printf("myobj.m_j = %p\n", &myobj.m_j);
    printf("myobj.m_k = %p\n", &myobj.m_k);
    printf("myobj.m_c = %p\n", &myobj.m_c);
    printf("myobj.m_n = %p\n", &myobj.m_n);
    cout<<endl;

    MYACLS* pmyobj = new MYACLS();
    printf("pmyobj = %p\n", pmyobj);
    printf("pmyobj->m_i = %p\n", &pmyobj->m_i);
    printf("pmyobj->m_j = %p\n", &pmyobj->m_j);
    printf("pmyobj->m_k = %p\n", &pmyobj->m_k);
    printf("pmyobj->m_c = %p\n", &pmyobj->m_c);
    printf("pmyobj->m_n = %p\n", &pmyobj->m_n);
    cout<<endl;

    return 0;
}
```

输出：

```bash
20

myobj = 0x7fff4c0e3630
myobj.m_i = 0x7fff4c0e3630
myobj.m_j = 0x7fff4c0e3634
myobj.m_k = 0x7fff4c0e3638
myobj.m_c = 0x7fff4c0e363c
myobj.m_n = 0x7fff4c0e3640

pmyobj = 0x562371dd12c0
pmyobj->m_i = 0x562371dd12c0
pmyobj->m_j = 0x562371dd12c4
pmyobj->m_k = 0x562371dd12c8
pmyobj->m_c = 0x562371dd12cc
pmyobj->m_n = 0x562371dd12d0
```

有字节对齐。（4字节对齐）

#### 2.2.3 例子三

```c++
//test.cpp

#include<iostream>
using namespace std;

class __attribute__((packed)) MYACLS {
public:
    int m_i;
    static int m_si;

    int m_j;
    static int m_sj;

    int m_k;
    static int m_sk;

    char m_c;
    int m_n;
};

int MYACLS::m_sj = 0;

int main()
{
    MYACLS myobj;
    cout<<sizeof(myobj)<<endl<<endl;

    myobj.m_i = 2;
    myobj.m_k = 8;
    myobj.m_j = 5;

    printf("myobj = %p\n", &myobj);
    printf("myobj.m_i = %p\n", &myobj.m_i);
    printf("myobj.m_j = %p\n", &myobj.m_j);
    printf("myobj.m_k = %p\n", &myobj.m_k);
    printf("myobj.m_c = %p\n", &myobj.m_c);
    printf("myobj.m_n = %p\n", &myobj.m_n);
    cout<<endl;

    MYACLS* pmyobj = new MYACLS();
    printf("pmyobj = %p\n", pmyobj);
    printf("pmyobj->m_i = %p\n", &pmyobj->m_i);
    printf("pmyobj->m_j = %p\n", &pmyobj->m_j);
    printf("pmyobj->m_k = %p\n", &pmyobj->m_k);
    printf("pmyobj->m_c = %p\n", &pmyobj->m_c);
    printf("pmyobj->m_n = %p\n", &pmyobj->m_n);
    cout<<endl;

    return 0;
}
```

输出：

```bash
17

myobj = 0x7ffd0fbae930
myobj.m_i = 0x7ffd0fbae930
myobj.m_j = 0x7ffd0fbae934
myobj.m_k = 0x7ffd0fbae938
myobj.m_c = 0x7ffd0fbae93c
myobj.m_n = 0x7ffd0fbae93d

pmyobj = 0x56079bbc32c0
pmyobj->m_i = 0x56079bbc32c0
pmyobj->m_j = 0x56079bbc32c4
pmyobj->m_k = 0x56079bbc32c8
pmyobj->m_c = 0x56079bbc32cc
pmyobj->m_n = 0x56079bbc32cd
```

我们使用`__attribute__((packed))`来取消内存对齐，要慎用！！！！！！！

#### 2.2.4 例子四

```c++
//test.cpp

#include<iostream>
using namespace std;

//通过宏取偏移值
#define GET(A, m) (int*)(&((A*)0)->m)

class __attribute__((packed)) MYACLS {
public:
    int m_i;
    static int m_si;

    int m_j;
    static int m_sj;

    int m_k;
    static int m_sk;

    char m_c;
    int m_n;
private:
    int m_pria;
    int m_prib;
public:
    void printMemPoint() {
        cout<<"打印成员变量偏移值--------------------\n";
        printf("MYACLS::m_i = %p\n", &MYACLS::m_i);
        printf("MYACLS::m_j = %p\n", &MYACLS::m_j);
        printf("MYACLS::m_k = %p\n", &MYACLS::m_k);
        printf("MYACLS::m_c = %p\n", &MYACLS::m_c);
        printf("MYACLS::m_n = %p\n", &MYACLS::m_n);

        printf("MYACLS::m_pria = %p\n", &MYACLS::m_pria);
        printf("MYACLS::m_prib = %p\n", &MYACLS::m_prib);
        cout<<"----------------------------------\n\n";
    }
};

int MYACLS::m_sj = 0;

int main()
{
    MYACLS myobj;
    cout<<sizeof(myobj)<<endl<<endl;

    myobj.m_i = 2;
    myobj.m_k = 8;
    myobj.m_j = 5;

    printf("myobj = %p\n", &myobj);
    printf("myobj.m_i = %p\n", &myobj.m_i);
    printf("myobj.m_j = %p\n", &myobj.m_j);
    printf("myobj.m_k = %p\n", &myobj.m_k);
    printf("myobj.m_c = %p\n", &myobj.m_c);
    printf("myobj.m_n = %p\n", &myobj.m_n);
    cout<<endl;

    MYACLS* pmyobj = new MYACLS();
    printf("pmyobj = %p\n", pmyobj);
    printf("pmyobj->m_i = %p\n", &pmyobj->m_i);
    printf("pmyobj->m_j = %p\n", &pmyobj->m_j);
    printf("pmyobj->m_k = %p\n", &pmyobj->m_k);
    printf("pmyobj->m_c = %p\n", &pmyobj->m_c);
    printf("pmyobj->m_n = %p\n", &pmyobj->m_n);
    cout<<endl;

    pmyobj->printMemPoint();

    cout<<GET(MYACLS, m_k)<<endl;

    return 0;
}
```

输出：

```bash
25

myobj = 0x7ffca8a693b0
myobj.m_i = 0x7ffca8a693b0
myobj.m_j = 0x7ffca8a693b4
myobj.m_k = 0x7ffca8a693b8
myobj.m_c = 0x7ffca8a693bc
myobj.m_n = 0x7ffca8a693bd

pmyobj = 0x559da6ed22c0
pmyobj->m_i = 0x559da6ed22c0
pmyobj->m_j = 0x559da6ed22c4
pmyobj->m_k = 0x559da6ed22c8
pmyobj->m_c = 0x559da6ed22cc
pmyobj->m_n = 0x559da6ed22cd

打印成员变量偏移值--------------------
MYACLS::m_i = (nil)
MYACLS::m_j = 0x4
MYACLS::m_k = 0x8
MYACLS::m_c = 0xc
MYACLS::m_n = 0xd
MYACLS::m_pria = 0x11
MYACLS::m_prib = 0x15
----------------------------------

0x8
```

#### 2.2.5 例子五

```c++
//test.cpp

#include<iostream>
using namespace std;

//通过宏取偏移值
#define GET(A, m) (int*)(&((A*)0)->m)

class __attribute__((packed)) MYACLS {
public:
    int m_i;
    static int m_si;

    int m_j;
    static int m_sj;

    int m_k;
    static int m_sk;

    char m_c;
    int m_n;
private:
    int m_pria;
    int m_prib;
public:
    void printMemPoint() {
        cout<<"打印成员变量偏移值--------------------\n";
        printf("MYACLS::m_i = %p\n", &MYACLS::m_i);
        printf("MYACLS::m_j = %p\n", &MYACLS::m_j);
        printf("MYACLS::m_k = %p\n", &MYACLS::m_k);
        printf("MYACLS::m_c = %p\n", &MYACLS::m_c);
        printf("MYACLS::m_n = %p\n", &MYACLS::m_n);

        printf("MYACLS::m_pria = %p\n", &MYACLS::m_pria);
        printf("MYACLS::m_prib = %p\n", &MYACLS::m_prib);
        cout<<"----------------------------------\n\n";
        cout<<GET(MYACLS, m_k)<<endl;
    }
public:
    virtual void myfv() {

    }
};

int MYACLS::m_sj = 0;

int main()
{
    MYACLS myobj;
    cout<<sizeof(myobj)<<endl<<endl;

    myobj.m_i = 2;
    myobj.m_k = 8;
    myobj.m_j = 5;

    printf("myobj = %p\n", &myobj);
    printf("myobj.m_i = %p\n", &myobj.m_i);
    printf("myobj.m_j = %p\n", &myobj.m_j);
    printf("myobj.m_k = %p\n", &myobj.m_k);
    printf("myobj.m_c = %p\n", &myobj.m_c);
    printf("myobj.m_n = %p\n", &myobj.m_n);
    cout<<endl;

    MYACLS* pmyobj = new MYACLS();
    printf("pmyobj = %p\n", pmyobj);
    printf("pmyobj->m_i = %p\n", &pmyobj->m_i);
    printf("pmyobj->m_j = %p\n", &pmyobj->m_j);
    printf("pmyobj->m_k = %p\n", &pmyobj->m_k);
    printf("pmyobj->m_c = %p\n", &pmyobj->m_c);
    printf("pmyobj->m_n = %p\n", &pmyobj->m_n);
    cout<<endl;

    pmyobj->printMemPoint();

    return 0;
}
```

输出：

```bash
33

myobj = 0x7ffc69e52ee0
myobj.m_i = 0x7ffc69e52ee8
myobj.m_j = 0x7ffc69e52eec
myobj.m_k = 0x7ffc69e52ef0
myobj.m_c = 0x7ffc69e52ef4
myobj.m_n = 0x7ffc69e52ef5

pmyobj = 0x561d06b842c0
pmyobj->m_i = 0x561d06b842c8
pmyobj->m_j = 0x561d06b842cc
pmyobj->m_k = 0x561d06b842d0
pmyobj->m_c = 0x561d06b842d4
pmyobj->m_n = 0x561d06b842d5

打印成员变量偏移值--------------------
MYACLS::m_i = 0x8
MYACLS::m_j = 0xc
MYACLS::m_k = 0x10
MYACLS::m_c = 0x14
MYACLS::m_n = 0x15
MYACLS::m_pria = 0x19
MYACLS::m_prib = 0x1d
----------------------------------

0x10
```

我们看到`MYACLS::m_i = 0x8`的偏移值不再是0了，这是因为这个类中有个虚函数，所以编译器为我们在开头自动插入了一个虚函数表指针，所以导致偏移量不再是0。

## 3. 数据成员存取

### 3.1 静态成员变量的存取

静态成员变量可以当做一个全局变量，但是它只在类的空间内可见。也就是说：

+ 生命周期：静态成员变量拥有全局变量的生命周期；
+ 作用域：静态成员变量作用域局限在一个类中；
+ 在可执行文件中的位置：如果初始化了并且不为0，则位于`.data`节；如果没有初始化或者初始化为0，则位于`.bss`节；

```c++
//test.cpp

#include<iostream>
using namespace std;

class MYACLS {
public:
    int m_i;
    static int m_si; //声明
    int m_j;
};

int MYACLS::m_si = 10; //定义

int main()
{
    MYACLS myobj;
    MYACLS* pmyobj = new MYACLS();

    cout<<MYACLS::m_si<<endl;
    //特别注意：m_si是属于类的，对象可有可无都没区别
    cout<<myobj.m_si<<endl;
    cout<<pmyobj->m_si<<endl;

    MYACLS::m_si = 1;
    myobj.m_si = 2;
    pmyobj->m_si = 3;

    return 0;
}
```

调试：

```c++
In file: /home/ubuntu/Dev/C++ObjectModern/data_semantics/test.cpp
   20     cout<<MYACLS::m_si<<endl;
   21     //特别注意：m_si是属于类的，对象可有可无都没区别
   22     cout<<myobj.m_si<<endl;
   23     cout<<pmyobj->m_si<<endl;
   24
 ► 25     MYACLS::m_si = 1;
   26     myobj.m_si = 2;
   27     pmyobj->m_si = 3;
   28
   29     return 0;
   30 }

=> 0x000055555555526b <+162>:	mov    DWORD PTR [rip+0x2d9b],0x1        # 0x555555558010 <MYACLS::m_si>
   0x0000555555555275 <+172>:	mov    DWORD PTR [rip+0x2d91],0x2        # 0x555555558010 <MYACLS::m_si>
   0x000055555555527f <+182>:	mov    DWORD PTR [rip+0x2d87],0x3        # 0x555555558010 <MYACLS::m_si>
```

我们通过反汇编代码看到：

```c++
MYACLS::m_si = 1;
myobj.m_si = 2;
pmyobj->m_si = 3;
```

这3种调用方式没有任何区别，都是给`0x555555558010 <MYACLS::m_si>`赋值。

### 3.2 非静态成员变量的存取

存放在类的对象中。

```c++
//test.cpp

#include<iostream>
using namespace std;

class MYACLS {
public:
    int m_i;
    static int m_si; //声明
    int m_j;

    void myfunc() {
        m_i = 5;
        m_j = 6;
    }
};

int MYACLS::m_si = 10; //定义

int main()
{
    MYACLS myobj;
    MYACLS* pmyobj = new MYACLS();

    pmyobj->myfunc();

    return 0;
}
```

调试：

```bash
In file: /home/ubuntu/Dev/C++ObjectModern/data_semantics/test.cpp
   20 int main()
   21 {
   22     MYACLS myobj;
   23     MYACLS* pmyobj = new MYACLS();
   24
 ► 25     pmyobj->myfunc();
   26
   27     return 0;
   28 }
   
=> 0x00005555555551b0 <+39>:	mov    rax,QWORD PTR [rbp-0x10]
   0x00005555555551b4 <+43>:	mov    rdi,rax
   0x00005555555551b7 <+46>:	call   0x55555555522a <MYACLS::myfunc()>
```

其中`rdi`寄存器中存的是类成员函数`MYACLS::myfunc()`的第一个参数，这也就是我们常说的this指针。它的值就是对象`pmyobj`的值。

我们来证明一下：

```bash
   0x5555555551b0 <main+39>                                                mov    rax, qword ptr [rbp - 0x10]
 ► 0x5555555551b4 <main+43>                                                mov    rdi, rax
 
 pwndbg> p pmyobj
$1 = (MYACLS *) 0x55555556aeb0
pwndbg> i r rax
rax            0x55555556aeb0      93824992325296
pwndbg>
```

我们看到寄存器`rax`保存的就是对象`pmyobj`的值，也就是我们常说的`this`指针。然后：

```bash
  0x5555555551b0 <main+39>                                                  mov    rax, qword ptr [rbp - 0x10]
  0x5555555551b4 <main+43>                                                  mov    rdi, rax
► 0x5555555551b7 <main+46>                                                  call   MYACLS::myfunc()                <MYACLS::myfunc()>
        rdi: 0x55555556aeb0 ◂— 0x0

pwndbg> i r rdi
rdi            0x55555556aeb0      93824992325296
pwndbg>
```

我们看到寄存器`rax`的值赋值给了`rdi`，也就是类成员函数`MYACLS::myfunc()`的第一个参数。

## 4. 单一继承下的数据成员布局

### 4.1 例子一

```c++
//test.cpp

#include<iostream>
using namespace std;

class FAC {
public:
    int m_fai;
    int m_faj;
};

class MYACLS : public FAC {
public:
    int m_i;
    int m_j;
};

int main()
{
    printf("FAC::m_fai = %d\n", &FAC::m_fai);
    printf("FAC::m_faj = %d\n", &FAC::m_faj);

    printf("MYACLS::m_fai = %d\n", &MYACLS::m_fai);
    printf("MYACLS::m_faj = %d\n", &MYACLS::m_faj);

    printf("MYACLS::m_i = %d\n", &MYACLS::m_i);
    printf("MYACLS::m_j = %d\n", &MYACLS::m_j);
}
```

输出：

```bash
FAC::m_fai = 0
FAC::m_faj = 4
MYACLS::m_fai = 0
MYACLS::m_faj = 4
MYACLS::m_i = 8
MYACLS::m_j = 12
```

### 4.2 例子二

```c++
//test.cpp

#include<iostream>
using namespace std;

class Base {
public:
    int m_i1;
    char m_c1;
    char m_c2;
    char m_c3;
};

int main()
{
    cout<<sizeof(Base)<<endl; //8
}
```

```c++
//test.cpp

#include<iostream>
using namespace std;

class Base1 {
public:
    int m_i1;
    char m_c1;
};

class Base2 : public Base1 {
public:
    char m_c2;
};

class Base3 : public Base2 {
public:
    char m_c3;
};

int main()
{
    cout<<sizeof(Base1)<<endl; //8
    cout<<sizeof(Base2)<<endl; //12
    cout<<sizeof(Base3)<<endl; //12
}
```

## 5. 单类 单继承 虚函数下的数据成员布局

### 5.1 单个类带虚函数的数据成员布局

```c++
/* ************************************************************************
> File Name:     test.cpp
> Author:        niu0217
> Created Time:  Mon 05 Feb 2024 12:53:00 PM CST
> Description:
 ************************************************************************/

#include<iostream>
using namespace std;

class MYACLS {
public:
    int m_i;
    int m_j;

    virtual void myvfunc() {

    }
    MYACLS() : m_i{0}, m_j{0} {

    }
    ~MYACLS() {
        int value = 0;
    }
};

int main()
{
    cout<<sizeof(MYACLS)<<endl; //16
    printf("MYACLS::m_i = %d\n", &MYACLS::m_i); //8 
    printf("MYACLS::m_j = %d\n", &MYACLS::m_j); //12
}
```

### 5.2 单一继承父类带虚函数的数据成员布局

```c++
/* ************************************************************************
> File Name:     test.cpp
> Author:        niu0217
> Created Time:  Mon 05 Feb 2024 12:53:00 PM CST
> Description:
 ************************************************************************/

#include<iostream>
using namespace std;

class Base {
public:
    int m_bi;
    virtual void vfunc() {

    }
};

class MYACLS : public Base {
public:
    int m_i;
    int m_j;

    virtual void myvfunc() {

    }
    MYACLS() : m_i{0}, m_j{0} {

    }
    ~MYACLS() {
        int value = 0;
    }
};

int main()
{
    cout<<sizeof(MYACLS)<<endl; //24
    printf("MYACLS::m_bi = %d\n", &MYACLS::m_bi); //8
    printf("MYACLS::m_i = %d\n", &MYACLS::m_i); //12
    printf("MYACLS::m_j = %d\n", &MYACLS::m_j); //16
}
```

### 5.3 单一继承父类不带虚函数的数据成员布局

```c++
/* ************************************************************************
> File Name:     test.cpp
> Author:        niu0217
> Created Time:  Mon 05 Feb 2024 12:53:00 PM CST
> Description:
 ************************************************************************/

#include<iostream>
using namespace std;

class Base {
public:
    int m_bi;
};

class MYACLS : public Base {
public:
    int m_i;
    int m_j;

    virtual void myvfunc() {

    }
    MYACLS() : m_i{0}, m_j{0} {

    }
    ~MYACLS() {
        int value = 0;
    }
};

int main()
{
    cout<<sizeof(MYACLS)<<endl;
    printf("MYACLS::m_bi = %d\n", &MYACLS::m_bi);
    printf("MYACLS::m_i = %d\n", &MYACLS::m_i);
    printf("MYACLS::m_j = %d\n", &MYACLS::m_j);

    MYACLS aObj;
    aObj.m_bi = 10;
    aObj.m_i = 20;
    aObj.m_j = 30;

    return 0;
}
```

```assembly
pwndbg> p &aObj
$1 = (MYACLS *) 0x7fffffffe8d0

pwndbg> x/4gx 0x7fffffffe8d0
0x7fffffffe8d0:	0x0000555555557d40	0x000000140000000a
0x7fffffffe8e0:	0x000000000000001e	0xb32ac6018a580400
```

## 6. 多重继承数据布局与this调整深谈

### 6.1 单一继承数据成员布局this指针偏移知识补充

```c++
/* ************************************************************************
> File Name:     test.cpp
> Author:        niu0217
> Created Time:  Mon 05 Feb 2024 12:53:00 PM CST
> Description:
 ************************************************************************/

#include<iostream>
using namespace std;

class Base {
public:
    int m_bi;

    Base() {
        printf("Base::Base()的this指针是：%p\n", this);
    }
    // virtual void vfunc() {

    // }
};

class MYACLS : public Base {
public:
    int m_i;
    int m_j;

    virtual void myvfunc() {

    }
    MYACLS() : m_i{0}, m_j{0} {
        printf("MYACLS::MYACLS()的this指针是：%p\n", this);
    }
    ~MYACLS() {
        int value = 0;
    }
};

int main()
{
    cout<<sizeof(MYACLS)<<endl;
    printf("MYACLS::m_bi = %d\n", &MYACLS::m_bi);
    printf("MYACLS::m_i = %d\n", &MYACLS::m_i);
    printf("MYACLS::m_j = %d\n", &MYACLS::m_j);

    MYACLS aObj;
    aObj.m_bi = 10;
    aObj.m_i = 20;
    aObj.m_j = 30;

    return 0;
}
```

输出：

```bash
24
MYACLS::m_bi = 0
MYACLS::m_i = 12
MYACLS::m_j = 16
Base::Base()的this指针是：0x7ffcb51d91b8
MYACLS::MYACLS()的this指针是：0x7ffcb51d91b0
```

我们看到子类`MYACLS`的`this`指针比父类`Base`的`this`指针，差了8个字节。因此当子类`MYACLS`想要访问父类`Base`的成员的时候，它需要调整`this`指针。这是由编译器来干的。其真实原因就是父类`Base`没有虚函数，而子类有一个虚函数，而虚表指针是在对象内存布局的最开始处，所以需要调整`this`指针。

如果父类也含有一个虚函数，那么this指针就需要调整了。如下：

```c++
/* ************************************************************************
> File Name:     test.cpp
> Author:        niu0217
> Created Time:  Mon 05 Feb 2024 12:53:00 PM CST
> Description:
 ************************************************************************/

#include<iostream>
using namespace std;

class Base {
public:
    int m_bi;

    Base() {
        printf("Base::Base()的this指针是：%p\n", this);
    }
    virtual void vfunc() {

    }
};

class MYACLS : public Base {
public:
    int m_i;
    int m_j;

    virtual void myvfunc() {

    }
    MYACLS() : m_i{0}, m_j{0} {
        printf("MYACLS::MYACLS()的this指针是：%p\n", this);
    }
    ~MYACLS() {
        int value = 0;
    }
};

int main()
{
    cout<<sizeof(MYACLS)<<endl;
    printf("MYACLS::m_bi = %d\n", &MYACLS::m_bi);
    printf("MYACLS::m_i = %d\n", &MYACLS::m_i);
    printf("MYACLS::m_j = %d\n", &MYACLS::m_j);

    MYACLS aObj;
    aObj.m_bi = 10;
    aObj.m_i = 20;
    aObj.m_j = 30;

    return 0;
}
```

输出：

```bash
24
MYACLS::m_bi = 8
MYACLS::m_i = 12
MYACLS::m_j = 16
Base::Base()的this指针是：0x7ffef0604410
MYACLS::MYACLS()的this指针是：0x7ffef0604410
```

我们看到父类和子类的this指针相同，不需要调整。

### 6.2 多重继承且父类都带虚函数的数据成员布局

#### 6.2.1 分析

```c++
/* ************************************************************************
> File Name:     test.cpp
> Author:        niu0217
> Created Time:  Mon 05 Feb 2024 12:53:00 PM CST
> Description:
 ************************************************************************/

#include<iostream>
using namespace std;

class Base1 {
public:
    int m_base1Data;

    Base1() {
        printf("Base1::Base1()的this指针是：%p\n", this);
    }
    virtual void vfuncBase1() {

    }
};

class Base2 {
public:
    int m_base2Data;

    Base2() {
        printf("Base2::Base2()的this指针是：%p\n", this);
    }
    virtual void vfuncBase2() {

    }
};

class MYACLS : public Base1, public Base2 {
public:
    int m_i;
    int m_j;

    virtual void myvfunc() {

    }
    MYACLS() : m_i{0}, m_j{0} {
        printf("MYACLS::MYACLS()的this指针是：%p\n", this);
    }
    ~MYACLS() {
        int value = 0;
    }
};

int main()
{
    cout<<sizeof(MYACLS)<<endl;
    printf("MYACLS::m_base1Data = %d\n", &MYACLS::m_base1Data);
    printf("MYACLS::m_base2Data = %d\n", &MYACLS::m_base2Data);
    printf("MYACLS::m_i = %d\n", &MYACLS::m_i);
    printf("MYACLS::m_j = %d\n", &MYACLS::m_j);

    MYACLS aObj;
    aObj.m_base1Data = 10;
    aObj.m_base2Data = 20;
    aObj.m_i = 30;
    aObj.m_j = 40;

    return 0;
}
```

输出结果：

```bash
40
MYACLS::m_base1Data = 8
MYACLS::m_base2Data = 8
MYACLS::m_i = 28
MYACLS::m_j = 32
Base1::Base1()的this指针是：0x7fffffffe8c0
Base2::Base2()的this指针是：0x7fffffffe8d0
MYACLS::MYACLS()的this指针是：0x7fffffffe8c0
```

我们看到`MYACLS::m_base1Data`和`MYACLS::m_base2Data`的偏移量相同，但这其实是`this`指针调整后的效果。

我们看到`Base1`和`Base2`的this指针不一样。

调试分析：

```assembly
In file: /home/ubuntu/Dev/C++ObjectModern/data_semantics/test.cpp
   55     printf("MYACLS::m_base2Data = %d\n", &MYACLS::m_base2Data);
   56     printf("MYACLS::m_i = %d\n", &MYACLS::m_i);
   57     printf("MYACLS::m_j = %d\n", &MYACLS::m_j);
   58
   59     MYACLS aObj;
   60     aObj.m_base1Data = 10;
   61     aObj.m_base2Data = 20;
   62     aObj.m_i = 30;
   63     aObj.m_j = 40;
   64
 ► 65     return 0;


# 对象aObj的虚函数表指针和虚函数表
pwndbg> info vtbl aObj
vtable for 'MYACLS' @ 0x555555557cd0 (subobject @ 0x7fffffffe8c0):
[0]: 0x55555555537a <Base1::vfuncBase1()>
[1]: 0x5555555553d4 <MYACLS::myvfunc()>

vtable for 'Base2' @ 0x555555557cf0 (subobject @ 0x7fffffffe8d0):
[0]: 0x5555555553c4 <Base2::vfuncBase2()>


pwndbg> p &aObj
$2 = (MYACLS *) 0x7fffffffe8c0
pwndbg> x/5gx 0x7fffffffe8c0
0x7fffffffe8c0:	0x0000555555557cd0	0x000055550000000a
0x7fffffffe8d0:	0x0000555555557cf0	0x0000001e00000014
0x7fffffffe8e0:	0x0000000000000028
```

分析输出：

```bash
Base1::Base1()的this指针是：0x7fffffffe8c0
Base2::Base2()的this指针是：0x7fffffffe8d0
MYACLS::MYACLS()的this指针是：0x7fffffffe8c0
```

+ 我们看到如果你想要访问`Base1`和`MYACLS`成员，那么它们的`this`指针值为`0x7fffffffe8c0`
+ 如果你想访问`Base2`的成员，那么它的`this`指针就会变成`0x7fffffffe8d0`。
+ 这两者`this`指针的不同，调整是由编译器自动进行的。

#### 6.2.2 有趣的现象1

```c++
/* ************************************************************************
> File Name:     test.cpp
> Author:        niu0217
> Created Time:  Mon 05 Feb 2024 12:53:00 PM CST
> Description:
 ************************************************************************/

#include<iostream>
using namespace std;

class Base1 {
public:
    int m_base1Data;

    Base1() {
        printf("Base1::Base1()的this指针是：%p\n", this);
    }
    virtual void vfuncBase1() {
        cout<<"I am Base1\n";
    }
};

class Base2 {
public:
    int m_base2Data;

    Base2() {
        printf("Base2::Base2()的this指针是：%p\n", this);
    }
    virtual void vfuncBase2() {
        cout<<"I am Base2\n";
    }
};

class MYACLS : public Base1, public Base2 {
public:
    int m_i;
    int m_j;

    virtual void myvfunc() {
        cout<<"I am MYACLS\n";
    }
    MYACLS() : m_i{0}, m_j{0} {
        printf("MYACLS::MYACLS()的this指针是：%p\n", this);
    }
    ~MYACLS() {
        int value = 0;
    }
};

int main()
{
    cout<<sizeof(MYACLS)<<endl;
    printf("MYACLS::m_base1Data = %d\n", &MYACLS::m_base1Data);
    printf("MYACLS::m_base2Data = %d\n", &MYACLS::m_base2Data);
    printf("MYACLS::m_i = %d\n", &MYACLS::m_i);
    printf("MYACLS::m_j = %d\n", &MYACLS::m_j);

    MYACLS aObj;
    aObj.m_base1Data = 10;
    aObj.m_base2Data = 20;
    aObj.m_i = 30;
    aObj.m_j = 40;

    Base2* pbase2 = &aObj;
    pbase2->vfuncBase2();

    return 0;
}
```

调试：

```assembly
In file: /home/ubuntu/Dev/C++ObjectModern/data_semantics/test.cpp
   61     aObj.m_base2Data = 20;
   62     aObj.m_i = 30;
   63     aObj.m_j = 40;
   64
   65     Base2* pbase2 = &aObj;
 ► 66     pbase2->vfuncBase2();
   67
   68     return 0;
   69 }
   
   0x5555555552dd <main+180>    mov    dword ptr [rbp - 0x24], 0x1e
   0x5555555552e4 <main+187>    mov    dword ptr [rbp - 0x20], 0x28
   0x5555555552eb <main+194>    lea    rax, [rbp - 0x40]
   0x5555555552ef <main+198>    add    rax, 0x10
   0x5555555552f3 <main+202>    mov    qword ptr [rbp - 0x48], rax
 ► 0x5555555552f7 <main+206>    mov    rax, qword ptr [rbp - 0x48]
   0x5555555552fb <main+210>    mov    rax, qword ptr [rax]
   0x5555555552fe <main+213>    mov    rdx, qword ptr [rax]
   0x555555555301 <main+216>    mov    rax, qword ptr [rbp - 0x48]
   0x555555555305 <main+220>    mov    rdi, rax
   0x555555555308 <main+223>    call   rdx
   
pwndbg> p &aObj
$1 = (MYACLS *) 0x7fffffffe8c0
pwndbg> p pbase2
$2 = (MYACLS *) 0x7fffffffe8c0
```

此时我们看到指针变量`pbase2`保存的就是对象`aObj`的地址。

然后继续调试。

```assembly
In file: /home/ubuntu/Dev/C++ObjectModern/data_semantics/test.cpp
   61     aObj.m_base2Data = 20;
   62     aObj.m_i = 30;
   63     aObj.m_j = 40;
   64
   65     Base2* pbase2 = &aObj;
 ► 66     pbase2->vfuncBase2();
   67
   68     return 0;
   69 }
   
   0x5555555552f7 <main+206>    mov    rax, qword ptr [rbp - 0x48]
   0x5555555552fb <main+210>    mov    rax, qword ptr [rax]
   0x5555555552fe <main+213>    mov    rdx, qword ptr [rax]
   0x555555555301 <main+216>    mov    rax, qword ptr [rbp - 0x48]
   0x555555555305 <main+220>    mov    rdi, rax
 ► 0x555555555308 <main+223>    call   rdx                           <Base2::vfuncBase2()>
        rdi: 0x7fffffffe8d0 —▸ 0x555555557cd0 (vtable for MYACLS+48) —▸ 0x555555555458 (Base2::vfuncBase2()) ◂— endbr64

   0x55555555530a <main+225>    mov    ebx, 0
   0x55555555530f <main+230>    lea    rax, [rbp - 0x40]
   0x555555555313 <main+234>    mov    rdi, rax
   0x555555555316 <main+237>    call   MYACLS::~MYACLS()                <MYACLS::~MYACLS()>

   0x55555555531b <main+242>    mov    eax, ebx
```

```assembly
# 寄存器rdx保存的是虚函数Base2::vfuncBase2()的地址
pwndbg> i r rdx
rdx            0x555555555458      93824992236632
pwndbg> info line *0x555555555458
Line 30 of "test.cpp" starts at address 0x555555555458 <Base2::vfuncBase2()> and ends at 0x555555555468 <Base2::vfuncBase2()+16>.

# 寄存器rdi保存的是this指针的值，需要传给虚函数Base2::vfuncBase2()作为第一个参数
# 我们看到0x7fffffffe8d0和0x7fffffffe8c0相差了16个字节，说明this指针进行了调整
pwndbg> i r rdi
rdi            0x7fffffffe8d0      140737488349392
```

#### 6.2.3 有趣的现象2

```c++
/* ************************************************************************
> File Name:     test.cpp
> Author:        niu0217
> Created Time:  Mon 05 Feb 2024 12:53:00 PM CST
> Description:
 ************************************************************************/

#include<iostream>
using namespace std;

class Base1 {
public:
    int m_base1Data;

    Base1() {
        printf("Base1::Base1()的this指针是：%p\n", this);
    }
    virtual void vfuncBase1() {
        cout<<"I am Base1\n";
    }
};

class Base2 {
public:
    int m_base2Data;

    Base2() {
        printf("Base2::Base2()的this指针是：%p\n", this);
    }
    virtual void vfuncBase2() {
        cout<<"I am Base2\n";
    }
};

class MYACLS : public Base1, public Base2 {
public:
    int m_i;
    int m_j;

    virtual void myvfunc() {
        cout<<"I am MYACLS\n";
    }
    MYACLS() : m_i{0}, m_j{0} {
        printf("MYACLS::MYACLS()的this指针是：%p\n", this);
    }
    ~MYACLS() {
        int value = 0;
    }
};

int main()
{
    cout<<sizeof(MYACLS)<<endl;
    printf("MYACLS::m_base1Data = %d\n", &MYACLS::m_base1Data);
    printf("MYACLS::m_base2Data = %d\n", &MYACLS::m_base2Data);
    printf("MYACLS::m_i = %d\n", &MYACLS::m_i);
    printf("MYACLS::m_j = %d\n", &MYACLS::m_j);

    MYACLS aObj;
    aObj.m_base1Data = 10;
    aObj.m_base2Data = 20;
    aObj.m_i = 30;
    aObj.m_j = 40;

    Base2* pbase2 = new MYACLS();
    MYACLS* pmyacls = (MYACLS*)pbase2;

    return 0;
}
```

调试：

```assembly
In file: /home/ubuntu/Dev/C++ObjectModern/data_semantics/test.cpp
   63     aObj.m_j = 40;
   64
   65     Base2* pbase2 = new MYACLS();
   66     MYACLS* pmyacls = (MYACLS*)pbase2;
   67
 ► 68     return 0;
   69 }
   
# pbase2实际的值是： 0x55555556b2c0 + 0x10 = 0x000055555556b2d0
# 这是调整后的this指针的值
pwndbg> p pbase2
$1 = (MYACLS *) 0x55555556b2c0
pwndbg> p &pbase2
$2 = (Base2 **) 0x7fffffffe8b0
pwndbg> x/gx 0x7fffffffe8b0
0x7fffffffe8b0:	0x000055555556b2d0

# 将指针变量pbase2转换为指针变量pmyacls，只需要移动this指针即可
# 0x000055555556b2d0 - 0x10 = 0x55555556b2c0
# 0x55555556b2c0就是调整后的this指针的值
pwndbg> p pmyacls
$3 = (MYACLS *) 0x55555556b2c0
pwndbg> p &pmyacls
$4 = (MYACLS **) 0x7fffffffe8b8
pwndbg> x/gx 0x7fffffffe8b8
0x7fffffffe8b8:	0x000055555556b2c0
pwndbg>
```

#### 6.2.4 有趣的现象3

```c++
/* ************************************************************************
> File Name:     test.cpp
> Author:        niu0217
> Created Time:  Mon 05 Feb 2024 12:53:00 PM CST
> Description:
 ************************************************************************/

#include<iostream>
using namespace std;

class Base1 {
public:
    int m_base1Data;

    Base1() {
        printf("Base1::Base1()的this指针是：%p\n", this);
    }
    virtual void vfuncBase1() {
        cout<<"I am Base1\n";
    }
};

class Base2 {
public:
    int m_base2Data;

    Base2() {
        printf("Base2::Base2()的this指针是：%p\n", this);
    }
    virtual void vfuncBase2() {
        cout<<"I am Base2\n";
    }
};

class MYACLS : public Base1, public Base2 {
public:
    int m_i;
    int m_j;

    virtual void myvfunc() {
        cout<<"I am MYACLS\n";
    }
    MYACLS() : m_i{0}, m_j{0} {
        printf("MYACLS::MYACLS()的this指针是：%p\n", this);
    }
    ~MYACLS() {
        int value = 0;
    }
};

int main()
{
    cout<<sizeof(MYACLS)<<endl;
    printf("MYACLS::m_base1Data = %d\n", &MYACLS::m_base1Data);
    printf("MYACLS::m_base2Data = %d\n", &MYACLS::m_base2Data);
    printf("MYACLS::m_i = %d\n", &MYACLS::m_i);
    printf("MYACLS::m_j = %d\n", &MYACLS::m_j);

    MYACLS aObj;
    aObj.m_base1Data = 10;
    aObj.m_base2Data = 20;
    aObj.m_i = 30;
    aObj.m_j = 40;

    Base2* pbase2 = new MYACLS();
    MYACLS* pmyacls = (MYACLS*)pbase2;

    delete pbase2; //这会报错

    return 0;
}
```

输出：

```bash
40
MYACLS::m_base1Data = 8
MYACLS::m_base2Data = 8
MYACLS::m_i = 28
MYACLS::m_j = 32
Base1::Base1()的this指针是：0x7fff337132c0
Base2::Base2()的this指针是：0x7fff337132d0
MYACLS::MYACLS()的this指针是：0x7fff337132c0
Base1::Base1()的this指针是：0x557c2d27a2c0
Base2::Base2()的this指针是：0x557c2d27a2d0
MYACLS::MYACLS()的this指针是：0x557c2d27a2c0
free(): invalid pointer
Aborted
```

果然`delete pbase2`;这句话报异常了，但是为什么呢？

选取**有趣的现象2**中的片段分析：

```assembly
In file: /home/ubuntu/Dev/C++ObjectModern/data_semantics/test.cpp
   63     aObj.m_j = 40;
   64
   65     Base2* pbase2 = new MYACLS();
   66     MYACLS* pmyacls = (MYACLS*)pbase2;
   67
 ► 68     return 0;
   69 }
   
# pbase2实际的值是： 0x55555556b2c0 + 0x10 = 0x000055555556b2d0
# 这是调整后的this指针的值
pwndbg> p pbase2
$1 = (MYACLS *) 0x55555556b2c0
pwndbg> p &pbase2
$2 = (Base2 **) 0x7fffffffe8b0
pwndbg> x/gx 0x7fffffffe8b0
0x7fffffffe8b0:	0x000055555556b2d0

# 将指针变量pbase2转换为指针变量pmyacls，只需要移动this指针即可
# 0x000055555556b2d0 - 0x10 = 0x55555556b2c0
# 0x55555556b2c0就是调整后的this指针的值
pwndbg> p pmyacls
$3 = (MYACLS *) 0x55555556b2c0
pwndbg> p &pmyacls
$4 = (MYACLS **) 0x7fffffffe8b8
pwndbg> x/gx 0x7fffffffe8b8
0x7fffffffe8b8:	0x000055555556b2c0
```

原来`pbase2`的值是调整了`this`指针后的值，而不是它原来的值。

`new MYACLS()`原来的值为`0x55555556b2c0`，而pbase2保存的值是`0x000055555556b2d0 = 0x55555556b2c0 + 0x10`。

所以申请的是地址`0x55555556b2c0`这块空间，而你释放的是`0x000055555556b2d0`这块空间，自然而然就会出错。

`pmyacls`所指向的才是正确的申请的那块空间，`pmyacls = 0x000055555556b2c0`。

 正确做法：

```c++
Base2* pbase2 = new MYACLS();
MYACLS* pmyacls = (MYACLS*)pbase2;

//delete pbase2; //这会报错
delete pmyacls;
pmyacls = nullptr;
pbase2 = nullptr;
```

