# 汇编-分析指针

## 1. 普通指针

代码：

```c++
#include<iostream>
using namespace std;


int main()
{
    int a = 234;
    int *a_ptr = &a;

    int b = 12;

    *a_ptr = 14;

    a_ptr = &b;

    *a_ptr = 20;

    cout<<a<<"  "<<b<<endl;

    return 1;
}
```

汇编代码：

```assembly
pwndbg> disassemble main
Dump of assembler code for function main():
=> 0x00005555555551e9 <+0>:	endbr64
   0x00005555555551ed <+4>:	push   rbp
   0x00005555555551ee <+5>:	mov    rbp,rsp
   0x00005555555551f1 <+8>:	sub    rsp,0x20
   0x00005555555551f5 <+12>:	mov    rax,QWORD PTR fs:0x28
   0x00005555555551fe <+21>:	mov    QWORD PTR [rbp-0x8],rax
   0x0000555555555202 <+25>:	xor    eax,eax
   0x0000555555555204 <+27>:	mov    DWORD PTR [rbp-0x18],0xea
   0x000055555555520b <+34>:	lea    rax,[rbp-0x18]
   0x000055555555520f <+38>:	mov    QWORD PTR [rbp-0x10],rax
   0x0000555555555213 <+42>:	mov    DWORD PTR [rbp-0x14],0xc
   0x000055555555521a <+49>:	mov    rax,QWORD PTR [rbp-0x10]
   0x000055555555521e <+53>:	mov    DWORD PTR [rax],0xe
   0x0000555555555224 <+59>:	lea    rax,[rbp-0x14]
   0x0000555555555228 <+63>:	mov    QWORD PTR [rbp-0x10],rax
   0x000055555555522c <+67>:	mov    rax,QWORD PTR [rbp-0x10]
   0x0000555555555230 <+71>:	mov    DWORD PTR [rax],0x14
   0x0000555555555236 <+77>:	mov    eax,DWORD PTR [rbp-0x18]
   0x0000555555555239 <+80>:	mov    esi,eax
   0x000055555555523b <+82>:	lea    rdi,[rip+0x2dfe]        # 0x555555558040 <std::cout@@GLIBCXX_3.4>
   0x0000555555555242 <+89>:	call   0x5555555550f0 <std::ostream::operator<<(int)@plt>
   0x0000555555555247 <+94>:	lea    rsi,[rip+0xdb7]        # 0x555555556005
   0x000055555555524e <+101>:	mov    rdi,rax
   0x0000555555555251 <+104>:	call   0x5555555550b0 <std::basic_ostream<char, std::char_traits<char> >& std::operator<< <std::char_traits<char> >(std::basic_ostream<char, std::char_traits<char> >&, char const*)@plt>
   0x0000555555555256 <+109>:	mov    rdx,rax
   0x0000555555555259 <+112>:	mov    eax,DWORD PTR [rbp-0x14]
   0x000055555555525c <+115>:	mov    esi,eax
   0x000055555555525e <+117>:	mov    rdi,rdx
   0x0000555555555261 <+120>:	call   0x5555555550f0 <std::ostream::operator<<(int)@plt>
   0x0000555555555266 <+125>:	mov    rdx,rax
   0x0000555555555269 <+128>:	mov    rax,QWORD PTR [rip+0x2d60]        # 0x555555557fd0
   0x0000555555555270 <+135>:	mov    rsi,rax
   0x0000555555555273 <+138>:	mov    rdi,rdx
   0x0000555555555276 <+141>:	call   0x5555555550c0 <std::ostream::operator<<(std::ostream& (*)(std::ostream&))@plt>
   0x000055555555527b <+146>:	mov    eax,0x1
   0x0000555555555280 <+151>:	mov    rcx,QWORD PTR [rbp-0x8]
   0x0000555555555284 <+155>:	xor    rcx,QWORD PTR fs:0x28
   0x000055555555528d <+164>:	je     0x555555555294 <main()+171>
   0x000055555555528f <+166>:	call   0x5555555550d0 <__stack_chk_fail@plt>
   0x0000555555555294 <+171>:	leave
   0x0000555555555295 <+172>:	ret
End of assembler dump.
```

### 1.1 步骤一

```assembly
────────────────────────────────────────────────────────────[ DISASM / x86-64 / set emulate on ]──────────────────────────────────────────────────────────────
   0x5555555551f1 <main+8>     sub    rsp, 0x20
   0x5555555551f5 <main+12>    mov    rax, qword ptr fs:[0x28]
   0x5555555551fe <main+21>    mov    qword ptr [rbp - 8], rax
   0x555555555202 <main+25>    xor    eax, eax
   0x555555555204 <main+27>    mov    dword ptr [rbp - 0x18], 0xea
 ► 0x55555555520b <main+34>    lea    rax, [rbp - 0x18]
   0x55555555520f <main+38>    mov    qword ptr [rbp - 0x10], rax
   0x555555555213 <main+42>    mov    dword ptr [rbp - 0x14], 0xc
   0x55555555521a <main+49>    mov    rax, qword ptr [rbp - 0x10]
   0x55555555521e <main+53>    mov    dword ptr [rax], 0xe
   0x555555555224 <main+59>    lea    rax, [rbp - 0x14]
───────────────────────────────────────────────────────────────────────────[ STACK ]───────────────────────────────────────────────────────────────────────────
00:0000│ rsp 0x7fffffffe920 ◂— 0x0
01:0008│     0x7fffffffe928 ◂— 0x5555000000ea
02:0010│     0x7fffffffe930 —▸ 0x7fffffffea30 ◂— 0x1
03:0018│     0x7fffffffe938 ◂— 0xf69ce34751767b00
04:0020│ rbp 0x7fffffffe940 ◂— 0x0
05:0028│     0x7fffffffe948 —▸ 0x7ffff7c09083 (__libc_start_main+243) ◂— mov edi, eax
06:0030│     0x7fffffffe950 —▸ 0x7ffff7dd1b80 (main_arena) ◂— 0x0
07:0038│     0x7fffffffe958 —▸ 0x7fffffffea38 —▸ 0x7fffffffecaf ◂— '/home/ubuntu/Dev/Test/normal_pointer'
```

变量a

+ 地址：rbp - 0x18 = 0x7fffffffe940 - 0x18 = 0x7fffffffe928

+ 大小：dword ptr。4个字节

+ 值

  ```assembly
  pwndbg> x/4tb 0x7fffffffe928
  0x7fffffffe928:	11101010	00000000	00000000	00000000
  ```

### 1.2 步骤二

```assembly
─────────────────────────────────────────────────────────────[ DISASM / x86-64 / set emulate on ]──────────────────────────────────────────────────────────────
   0x5555555551fe <main+21>    mov    qword ptr [rbp - 8], rax
   0x555555555202 <main+25>    xor    eax, eax
   0x555555555204 <main+27>    mov    dword ptr [rbp - 0x18], 0xea
   0x55555555520b <main+34>    lea    rax, [rbp - 0x18]
   0x55555555520f <main+38>    mov    qword ptr [rbp - 0x10], rax
 ► 0x555555555213 <main+42>    mov    dword ptr [rbp - 0x14], 0xc
   0x55555555521a <main+49>    mov    rax, qword ptr [rbp - 0x10]
   0x55555555521e <main+53>    mov    dword ptr [rax], 0xe
   0x555555555224 <main+59>    lea    rax, [rbp - 0x14]
   0x555555555228 <main+63>    mov    qword ptr [rbp - 0x10], rax
   0x55555555522c <main+67>    mov    rax, qword ptr [rbp - 0x10]
───────────────────────────────────────────────────────────────────────────[ STACK ]───────────────────────────────────────────────────────────────────────────
00:0000│ rsp 0x7fffffffe920 ◂— 0x0
01:0008│ rax 0x7fffffffe928 ◂— 0x5555000000ea
02:0010│     0x7fffffffe930 —▸ 0x7fffffffe928 ◂— 0x5555000000ea
03:0018│     0x7fffffffe938 ◂— 0xf69ce34751767b00
04:0020│ rbp 0x7fffffffe940 ◂— 0x0
05:0028│     0x7fffffffe948 —▸ 0x7ffff7c09083 (__libc_start_main+243) ◂— mov edi, eax
06:0030│     0x7fffffffe950 —▸ 0x7ffff7dd1b80 (main_arena) ◂— 0x0
07:0038│     0x7fffffffe958 —▸ 0x7fffffffea38 —▸ 0x7fffffffecaf ◂— '/home/ubuntu/Dev/Test/normal_pointer'
```

指令：` 0x55555555520b <main+34>    lea    rax, [rbp - 0x18]`

+ 含义：等同于把rbp - 0x18的结果赋值给rax。即rax = 0x7fffffffe940 - 0x18 = 0x7fffffffe928。而0x7fffffffe928这个地址就是变量a的地址。小结一下就是把变量a的地址赋值给了寄存器rax。

+ 寄存器rax的值：

  ```assembly
  pwndbg> i r rax
  rax            0x7fffffffe928      140737488349480
  pwndbg>
  ```

指令：`0x55555555520f <main+38>    mov    qword ptr [rbp - 0x10], rax`

+ 含义：将寄存器rax的值放到内存地址为rbp - 0x10 = 0x7fffffffe930的位置保存。

  ```assembly
  pwndbg> x/gx 0x7fffffffe930
  0x7fffffffe930:	0x00007fffffffe928
  pwndbg>
  ```

  即地址0x7fffffffe930代表`变量a_ptr的地址`。而0x7fffffffe930的值是0x00007fffffffe928，这个是变量a的地址。

### 1.3 步骤三

```assembly
─────────────────────────────────────────────────────────────[ DISASM / x86-64 / set emulate on ]──────────────────────────────────────────────────────────────
   0x555555555202 <main+25>    xor    eax, eax
   0x555555555204 <main+27>    mov    dword ptr [rbp - 0x18], 0xea
   0x55555555520b <main+34>    lea    rax, [rbp - 0x18]
   0x55555555520f <main+38>    mov    qword ptr [rbp - 0x10], rax
   0x555555555213 <main+42>    mov    dword ptr [rbp - 0x14], 0xc
 ► 0x55555555521a <main+49>    mov    rax, qword ptr [rbp - 0x10]
   0x55555555521e <main+53>    mov    dword ptr [rax], 0xe
   0x555555555224 <main+59>    lea    rax, [rbp - 0x14]
   0x555555555228 <main+63>    mov    qword ptr [rbp - 0x10], rax
   0x55555555522c <main+67>    mov    rax, qword ptr [rbp - 0x10]
   0x555555555230 <main+71>    mov    dword ptr [rax], 0x14
───────────────────────────────────────────────────────────────────────────[ STACK ]───────────────────────────────────────────────────────────────────────────
00:0000│ rsp 0x7fffffffe920 ◂— 0x0
01:0008│ rax 0x7fffffffe928 ◂— 0xc000000ea
02:0010│     0x7fffffffe930 —▸ 0x7fffffffe928 ◂— 0xc000000ea
03:0018│     0x7fffffffe938 ◂— 0xf69ce34751767b00
04:0020│ rbp 0x7fffffffe940 ◂— 0x0
05:0028│     0x7fffffffe948 —▸ 0x7ffff7c09083 (__libc_start_main+243) ◂— mov edi, eax
06:0030│     0x7fffffffe950 —▸ 0x7ffff7dd1b80 (main_arena) ◂— 0x0
07:0038│     0x7fffffffe958 —▸ 0x7fffffffea38 —▸ 0x7fffffffecaf ◂— '/home/ubuntu/Dev/Test/normal_pointer'
```

指令：`0x555555555213 <main+42>    mov    dword ptr [rbp - 0x14], 0xc`

+ 含义：rbp - 0x14 = 0x7fffffffe92c。这个地址代表变量b的地址。然后把12复制到0x7fffffffe92c处保存。

  ```assembly
  pwndbg> x/wd 0x7fffffffe92c
  0x7fffffffe92c:	12
  ```

### 1.4 步骤四

```assembly
─────────────────────────────────────────────────────────────[ DISASM / x86-64 / set emulate on ]──────────────────────────────────────────────────────────────
   0x55555555520b <main+34>    lea    rax, [rbp - 0x18]
   0x55555555520f <main+38>    mov    qword ptr [rbp - 0x10], rax
   0x555555555213 <main+42>    mov    dword ptr [rbp - 0x14], 0xc
   0x55555555521a <main+49>    mov    rax, qword ptr [rbp - 0x10]
   0x55555555521e <main+53>    mov    dword ptr [rax], 0xe
 ► 0x555555555224 <main+59>    lea    rax, [rbp - 0x14]
   0x555555555228 <main+63>    mov    qword ptr [rbp - 0x10], rax
   0x55555555522c <main+67>    mov    rax, qword ptr [rbp - 0x10]
   0x555555555230 <main+71>    mov    dword ptr [rax], 0x14
   0x555555555236 <main+77>    mov    eax, dword ptr [rbp - 0x18]
   0x555555555239 <main+80>    mov    esi, eax
───────────────────────────────────────────────────────────────────────────[ STACK ]───────────────────────────────────────────────────────────────────────────
00:0000│ rsp 0x7fffffffe920 ◂— 0x0
01:0008│ rax 0x7fffffffe928 ◂— 0xc0000000e
02:0010│     0x7fffffffe930 —▸ 0x7fffffffe928 ◂— 0xc0000000e
03:0018│     0x7fffffffe938 ◂— 0xf69ce34751767b00
04:0020│ rbp 0x7fffffffe940 ◂— 0x0
05:0028│     0x7fffffffe948 —▸ 0x7ffff7c09083 (__libc_start_main+243) ◂— mov edi, eax
06:0030│     0x7fffffffe950 —▸ 0x7ffff7dd1b80 (main_arena) ◂— 0x0
07:0038│     0x7fffffffe958 —▸ 0x7fffffffea38 —▸ 0x7fffffffecaf ◂— '/home/ubuntu/Dev/Test/normal_pointer'
```

指令：`0x55555555521a <main+49>    mov    rax, qword ptr [rbp - 0x10]`

+ 含义：将rbp - 0x10 = 0x7fffffffe930地址处的值赋值给寄存器rax。

  ```assembly
  pwndbg> x/gx 0x7fffffffe930
  0x7fffffffe930:	0x00007fffffffe928
  ```

  0x7fffffffe930代表变量a_ptr的地址。0x00007fffffffe928代表变量a的地址。

  小结就是将变量a的地址赋值给寄存器rax。

指令：`0x55555555521e <main+53>    mov    dword ptr [rax], 0xe`

+ 含义：将14赋值给rax寄存器地址处的值。rax保存的是变量a的地址。a的地址存放的是a的值。

  ```assembly
  pwndbg> x/wd 0x00007fffffffe928
  0x7fffffffe928:	14
  ```

  小结就是把14赋值给变量a。

### 1.5 步骤五

```assembly
─────────────────────────────────────────────────────────────[ DISASM / x86-64 / set emulate on ]──────────────────────────────────────────────────────────────
   0x555555555213 <main+42>    mov    dword ptr [rbp - 0x14], 0xc
   0x55555555521a <main+49>    mov    rax, qword ptr [rbp - 0x10]
   0x55555555521e <main+53>    mov    dword ptr [rax], 0xe
   0x555555555224 <main+59>    lea    rax, [rbp - 0x14]
   0x555555555228 <main+63>    mov    qword ptr [rbp - 0x10], rax
 ► 0x55555555522c <main+67>    mov    rax, qword ptr [rbp - 0x10]
   0x555555555230 <main+71>    mov    dword ptr [rax], 0x14
   0x555555555236 <main+77>    mov    eax, dword ptr [rbp - 0x18]
   0x555555555239 <main+80>    mov    esi, eax
   0x55555555523b <main+82>    lea    rdi, [rip + 0x2dfe]           <std::cout@@GLIBCXX_3.4>
   0x555555555242 <main+89>    call   std::ostream::operator<<(int)@plt                <std::ostream::operator<<(int)@plt>
───────────────────────────────────────────────────────────────────────────[ STACK ]───────────────────────────────────────────────────────────────────────────
00:0000│ rsp   0x7fffffffe920 ◂— 0x0
01:0008│ rax-4 0x7fffffffe928 ◂— 0xc0000000e
02:0010│       0x7fffffffe930 —▸ 0x7fffffffe92c ◂— 0xffffe92c0000000c /* '\x0c' */
03:0018│       0x7fffffffe938 ◂— 0xf69ce34751767b00
04:0020│ rbp   0x7fffffffe940 ◂— 0x0
05:0028│       0x7fffffffe948 —▸ 0x7ffff7c09083 (__libc_start_main+243) ◂— mov edi, eax
06:0030│       0x7fffffffe950 —▸ 0x7ffff7dd1b80 (main_arena) ◂— 0x0
07:0038│       0x7fffffffe958 —▸ 0x7fffffffea38 —▸ 0x7fffffffecaf ◂— '/home/ubuntu/Dev/Test/normal_pointer'
```

指令：`0x555555555224 <main+59>    lea    rax, [rbp - 0x14]`

+ 含义：rbp - 0x14 = 0x7fffffffe92c。这个地址代表变量b的地址。lea表示rax=0x7fffffffe92c。小结就是把变量b的地址赋值给rax

  ```assembly
  pwndbg> i r rax
  rax            0x7fffffffe92c      140737488349484
  ```

指令：`0x555555555228 <main+63>    mov    qword ptr [rbp - 0x10], rax`

+ 含义：rbp - 0x10 = 0x7fffffffe930，这个是变量a_ptr的地址。[rbp - 0x10]代表0x7fffffffe930地址处的值。组合起来就是把0x7fffffffe930地址处的值用rax的值代替。

  ```assembly
  pwndbg> x/gx 0x7fffffffe930
  0x7fffffffe930:	0x00007fffffffe92c
  ```

### 1.6 步骤六

```assembly
─────────────────────────────────────────────────────────────[ DISASM / x86-64 / set emulate on ]──────────────────────────────────────────────────────────────
   0x55555555521e <main+53>     mov    dword ptr [rax], 0xe
   0x555555555224 <main+59>     lea    rax, [rbp - 0x14]
   0x555555555228 <main+63>     mov    qword ptr [rbp - 0x10], rax
   0x55555555522c <main+67>     mov    rax, qword ptr [rbp - 0x10]
   0x555555555230 <main+71>     mov    dword ptr [rax], 0x14
 ► 0x555555555236 <main+77>     mov    eax, dword ptr [rbp - 0x18]
   0x555555555239 <main+80>     mov    esi, eax
   0x55555555523b <main+82>     lea    rdi, [rip + 0x2dfe]           <std::cout@@GLIBCXX_3.4>
   0x555555555242 <main+89>     call   std::ostream::operator<<(int)@plt                <std::ostream::operator<<(int)@plt>

   0x555555555247 <main+94>     lea    rsi, [rip + 0xdb7]
   0x55555555524e <main+101>    mov    rdi, rax
───────────────────────────────────────────────────────────────────────────[ STACK ]───────────────────────────────────────────────────────────────────────────
00:0000│ rsp   0x7fffffffe920 ◂— 0x0
01:0008│ rax-4 0x7fffffffe928 ◂— 0x140000000e
02:0010│       0x7fffffffe930 —▸ 0x7fffffffe92c ◂— 0xffffe92c00000014
03:0018│       0x7fffffffe938 ◂— 0xf69ce34751767b00
04:0020│ rbp   0x7fffffffe940 ◂— 0x0
05:0028│       0x7fffffffe948 —▸ 0x7ffff7c09083 (__libc_start_main+243) ◂— mov edi, eax
06:0030│       0x7fffffffe950 —▸ 0x7ffff7dd1b80 (main_arena) ◂— 0x0
07:0038│       0x7fffffffe958 —▸ 0x7fffffffea38 —▸ 0x7fffffffecaf ◂— '/home/ubuntu/Dev/Test/normal_pointer'
```

指令：`0x55555555522c <main+67>     mov    rax, qword ptr [rbp - 0x10]`

+ 含义：将rbp - 0x10地址处的值，复制给rax。即变量a_ptr地址处保存的值（变量b的地址）复制给rax。

  ```assembly
  pwndbg> x/gx 0x7fffffffe930
  0x7fffffffe930:	0x00007fffffffe92c
  ```

指令：`0x555555555230 <main+71>     mov    dword ptr [rax], 0x14`

+ 含义：将20赋值给0x00007fffffffe92c地址处保存的值。即替换b的值。

## 2. 双重指针

代码：

```c++
#include<iostream>
using namespace std;

int main()
{
    int a = 100;
    int *a_ptr = &a;
    int **a_ptr_ptr = &a_ptr;

    cout<<**a_ptr_ptr<<endl;
}
```

汇编代码:

```assembly
pwndbg> disassemble main
Dump of assembler code for function main():
=> 0x00005555555551c9 <+0>:	endbr64
   0x00005555555551cd <+4>:	push   rbp
   0x00005555555551ce <+5>:	mov    rbp,rsp
   0x00005555555551d1 <+8>:	sub    rsp,0x20
   0x00005555555551d5 <+12>:	mov    rax,QWORD PTR fs:0x28
   0x00005555555551de <+21>:	mov    QWORD PTR [rbp-0x8],rax
   0x00005555555551e2 <+25>:	xor    eax,eax
   0x00005555555551e4 <+27>:	mov    DWORD PTR [rbp-0x1c],0x64
   0x00005555555551eb <+34>:	lea    rax,[rbp-0x1c]
   0x00005555555551ef <+38>:	mov    QWORD PTR [rbp-0x18],rax
   0x00005555555551f3 <+42>:	lea    rax,[rbp-0x18]
   0x00005555555551f7 <+46>:	mov    QWORD PTR [rbp-0x10],rax
   0x00005555555551fb <+50>:	mov    rax,QWORD PTR [rbp-0x10]
   0x00005555555551ff <+54>:	mov    rax,QWORD PTR [rax]
   0x0000555555555202 <+57>:	mov    eax,DWORD PTR [rax]
   0x0000555555555204 <+59>:	mov    esi,eax
   0x0000555555555206 <+61>:	lea    rdi,[rip+0x2e33]        # 0x555555558040 <std::cout@@GLIBCXX_3.4>
   0x000055555555520d <+68>:	call   0x5555555550d0 <std::ostream::operator<<(int)@plt>
   0x0000555555555212 <+73>:	mov    rdx,rax
   0x0000555555555215 <+76>:	mov    rax,QWORD PTR [rip+0x2db4]        # 0x555555557fd0
   0x000055555555521c <+83>:	mov    rsi,rax
   0x000055555555521f <+86>:	mov    rdi,rdx
   0x0000555555555222 <+89>:	call   0x5555555550a0 <std::ostream::operator<<(std::ostream& (*)(std::ostream&))@plt>
   0x0000555555555227 <+94>:	mov    eax,0x0
   0x000055555555522c <+99>:	mov    rcx,QWORD PTR [rbp-0x8]
   0x0000555555555230 <+103>:	xor    rcx,QWORD PTR fs:0x28
   0x0000555555555239 <+112>:	je     0x555555555240 <main()+119>
   0x000055555555523b <+114>:	call   0x5555555550b0 <__stack_chk_fail@plt>
   0x0000555555555240 <+119>:	leave
   0x0000555555555241 <+120>:	ret
End of assembler dump.
```

### 2.1 分析

```assembly
─────────────────────────────────────────────────────────────[ DISASM / x86-64 / set emulate on ]──────────────────────────────────────────────────────────────
   0x5555555551d1 <main+8>     sub    rsp, 0x20
   0x5555555551d5 <main+12>    mov    rax, qword ptr fs:[0x28]
   0x5555555551de <main+21>    mov    qword ptr [rbp - 8], rax
   0x5555555551e2 <main+25>    xor    eax, eax
   0x5555555551e4 <main+27>    mov    dword ptr [rbp - 0x1c], 0x64
 ► 0x5555555551eb <main+34>    lea    rax, [rbp - 0x1c]
   0x5555555551ef <main+38>    mov    qword ptr [rbp - 0x18], rax
   0x5555555551f3 <main+42>    lea    rax, [rbp - 0x18]
   0x5555555551f7 <main+46>    mov    qword ptr [rbp - 0x10], rax
   0x5555555551fb <main+50>    mov    rax, qword ptr [rbp - 0x10]
   0x5555555551ff <main+54>    mov    rax, qword ptr [rax]
───────────────────────────────────────────────────────────────────────────[ STACK ]───────────────────────────────────────────────────────────────────────────
00:0000│ rsp 0x7fffffffe920 ◂— 0x6400000000
01:0008│     0x7fffffffe928 —▸ 0x5555555550e0 (_start) ◂— endbr64
02:0010│     0x7fffffffe930 —▸ 0x7fffffffea30 ◂— 0x1
03:0018│     0x7fffffffe938 ◂— 0x915f903169cd8f00
04:0020│ rbp 0x7fffffffe940 ◂— 0x0
05:0028│     0x7fffffffe948 —▸ 0x7ffff7c09083 (__libc_start_main+243) ◂— mov edi, eax
06:0030│     0x7fffffffe950 —▸ 0x7ffff7dd1b80 (main_arena) ◂— 0x0
07:0038│     0x7fffffffe958 —▸ 0x7fffffffea38 —▸ 0x7fffffffecaf ◂— '/home/ubuntu/Dev/Test/double_pointer'
```

变量a：

+ 地址：0x7fffffffe924   `rbp - 0x1c = 0x7fffffffe924`
+ 值：100  `[rbp - 0x1c]`

```assembly
─────────────────────────────────────────────────────────────[ DISASM / x86-64 / set emulate on ]──────────────────────────────────────────────────────────────
   0x5555555551de <main+21>    mov    qword ptr [rbp - 8], rax
   0x5555555551e2 <main+25>    xor    eax, eax
   0x5555555551e4 <main+27>    mov    dword ptr [rbp - 0x1c], 0x64
   0x5555555551eb <main+34>    lea    rax, [rbp - 0x1c]
   0x5555555551ef <main+38>    mov    qword ptr [rbp - 0x18], rax
 ► 0x5555555551f3 <main+42>    lea    rax, [rbp - 0x18]
   0x5555555551f7 <main+46>    mov    qword ptr [rbp - 0x10], rax
   0x5555555551fb <main+50>    mov    rax, qword ptr [rbp - 0x10]
   0x5555555551ff <main+54>    mov    rax, qword ptr [rax]
   0x555555555202 <main+57>    mov    eax, dword ptr [rax]
   0x555555555204 <main+59>    mov    esi, eax
───────────────────────────────────────────────────────────────────────────[ STACK ]───────────────────────────────────────────────────────────────────────────
00:0000│ rsp rax-4 0x7fffffffe920 ◂— 0x6400000000
01:0008│           0x7fffffffe928 —▸ 0x7fffffffe924 ◂— 0xffffe92400000064 /* 'd' */
02:0010│           0x7fffffffe930 —▸ 0x7fffffffea30 ◂— 0x1
03:0018│           0x7fffffffe938 ◂— 0x915f903169cd8f00
04:0020│ rbp       0x7fffffffe940 ◂— 0x0
05:0028│           0x7fffffffe948 —▸ 0x7ffff7c09083 (__libc_start_main+243) ◂— mov edi, eax
06:0030│           0x7fffffffe950 —▸ 0x7ffff7dd1b80 (main_arena) ◂— 0x0
07:0038│           0x7fffffffe958 —▸ 0x7fffffffea38 —▸ 0x7fffffffecaf ◂— '/home/ubuntu/Dev/Test/double_pointer'
```

变量a_ptr：

+ 地址：0x7fffffffe928  `rbp - 0x18 = 0x7fffffffe928 `
+ 值：0x7fffffffe924  `[rbp - 0x18]`

```assembly
─────────────────────────────────────────────────────────────[ DISASM / x86-64 / set emulate on ]──────────────────────────────────────────────────────────────
   0x5555555551e4 <main+27>    mov    dword ptr [rbp - 0x1c], 0x64
   0x5555555551eb <main+34>    lea    rax, [rbp - 0x1c]
   0x5555555551ef <main+38>    mov    qword ptr [rbp - 0x18], rax
   0x5555555551f3 <main+42>    lea    rax, [rbp - 0x18]
   0x5555555551f7 <main+46>    mov    qword ptr [rbp - 0x10], rax
 ► 0x5555555551fb <main+50>    mov    rax, qword ptr [rbp - 0x10]
   0x5555555551ff <main+54>    mov    rax, qword ptr [rax]
   0x555555555202 <main+57>    mov    eax, dword ptr [rax]
   0x555555555204 <main+59>    mov    esi, eax
   0x555555555206 <main+61>    lea    rdi, [rip + 0x2e33]           <std::cout@@GLIBCXX_3.4>
   0x55555555520d <main+68>    call   std::ostream::operator<<(int)@plt                <std::ostream::operator<<(int)@plt>
───────────────────────────────────────────────────────────────────────────[ STACK ]───────────────────────────────────────────────────────────────────────────
00:0000│ rsp 0x7fffffffe920 ◂— 0x6400000000
01:0008│ rax 0x7fffffffe928 —▸ 0x7fffffffe924 ◂— 0xffffe92400000064 /* 'd' */
02:0010│     0x7fffffffe930 —▸ 0x7fffffffe928 —▸ 0x7fffffffe924 ◂— 0xffffe92400000064 /* 'd' */
03:0018│     0x7fffffffe938 ◂— 0x915f903169cd8f00
04:0020│ rbp 0x7fffffffe940 ◂— 0x0
05:0028│     0x7fffffffe948 —▸ 0x7ffff7c09083 (__libc_start_main+243) ◂— mov edi, eax
06:0030│     0x7fffffffe950 —▸ 0x7ffff7dd1b80 (main_arena) ◂— 0x0
07:0038│     0x7fffffffe958 —▸ 0x7fffffffea38 —▸ 0x7fffffffecaf ◂— '/home/ubuntu/Dev/Test/double_pointer'
```

变量a_ptr_ptr:

+ 地址：0x7fffffffe930 `rbp - 0x10 = 0x7fffffffe930 `
+ 值：0x7fffffffe928  `[rbp - 0x10]`

### 2.2 总结

变量a：

+ 地址：0x7fffffffe924   `rbp - 0x1c = 0x7fffffffe924`
+ 值：100  `[rbp - 0x1c]`

变量a_ptr：

+ 地址：0x7fffffffe928  `rbp - 0x18 = 0x7fffffffe928 `
+ 值：0x7fffffffe924  `[rbp - 0x18]`

变量a_ptr_ptr:

+ 地址：0x7fffffffe930 `rbp - 0x10 = 0x7fffffffe930 `
+ 值：0x7fffffffe928  `[rbp - 0x10]`

分析a_ptr：

+ 变量a_ptr的值是a的地址。即a_ptr是一个指针，指向变量a。
+ 如果执行操作`*a_ptr`,那么就会把a_ptr的值当作一个地址，然后取这个地址的值。

分析a_ptr_ptr：

+ 变量a_ptr_ptr的值是a_ptr的地址。即a_ptr_ptr是一个双重指针，指向变量a。
+ 如果执行`*a_ptr_ptr`，那么就会把a_ptr_ptr的值当作一个地址，然后取这个地址的值。取到了变量a的地址
+ 执行`**a_ptr_ptr`就取到了a的值
